2025-08-10 22:51:36,447 - INFO - None
2025-08-10 22:52:26,379 - INFO - sk-CvImfIZRQsdLbi7OtC3RqoIXHdgll6hfZPviIBzSovJ4DTHa
2025-08-10 22:52:26,434 - INFO - ============================================================
2025-08-10 22:52:26,434 - INFO - MARKDOWN TO JSON PROCESSOR (KIMI API)
2025-08-10 22:52:26,434 - INFO - ============================================================
2025-08-10 22:52:26,434 - ERROR - MOONSHOT_API_KEY not found in environment variables.
2025-08-10 22:52:26,434 - ERROR - Please add your Kimi API key to the .env file.
2025-08-10 22:53:08,258 - INFO - ============================================================
2025-08-10 22:53:08,258 - INFO - MARKDOWN TO JSON PROCESSOR (KIMI API)
2025-08-10 22:53:08,258 - INFO - ============================================================
2025-08-10 22:53:08,258 - INFO - Found 19 markdown files to process
2025-08-10 22:53:08,258 - INFO - Testing Kimi API connection...
2025-08-10 22:53:10,607 - INFO - HTTP Request: POST https://api.moonshot.ai/v1/chat/completions "HTTP/1.1 200 OK"
2025-08-10 22:53:10,614 - INFO - ✅ Kimi API connection successful!
2025-08-10 22:53:10,614 - INFO - [1/19] Processing: Elena_Firsova.md
2025-08-10 22:53:10,616 - INFO -   File size: 72,446 characters
2025-08-10 22:53:10,616 - INFO -   Processing with Kimi API (attempt 1/3)...
2025-08-10 22:53:32,278 - INFO - HTTP Request: POST https://api.moonshot.ai/v1/chat/completions "HTTP/1.1 200 OK"
2025-08-10 22:53:32,288 - INFO -   ✅ Extracted 1 valid works
2025-08-10 22:53:32,288 - INFO -   ✅ Added 1 works from Elena_Firsova.md
2025-08-10 22:53:33,294 - INFO - [2/19] Processing: Thea _Musgrave_INSTRUMENTAL.md
2025-08-10 22:53:33,295 - INFO -   File size: 52,470 characters
2025-08-10 22:53:33,295 - INFO -   Processing with Kimi API (attempt 1/3)...
2025-08-10 22:53:52,635 - INFO - HTTP Request: POST https://api.moonshot.ai/v1/chat/completions "HTTP/1.1 200 OK"
2025-08-10 22:53:52,639 - INFO -   ✅ Extracted 1 valid works
2025-08-10 22:53:52,639 - INFO -   ✅ Added 1 works from Thea _Musgrave_INSTRUMENTAL.md
2025-08-10 22:53:53,644 - INFO - [3/19] Processing: Lera_Auerbach.md
2025-08-10 22:53:53,646 - INFO -   File size: 95,327 characters
2025-08-10 22:53:53,646 - INFO -   Processing with Kimi API (attempt 1/3)...
2025-08-10 22:54:07,346 - INFO - 
Script interrupted by user.
2025-08-10 22:59:10,452 - INFO - ============================================================
2025-08-10 22:59:10,452 - INFO - MARKDOWN TO JSON PROCESSOR (KIMI API)
2025-08-10 22:59:10,452 - INFO - ============================================================
2025-08-10 22:59:10,452 - INFO - Found 19 markdown files to process
2025-08-10 22:59:10,452 - INFO - Testing Kimi API connection...
2025-08-10 22:59:11,959 - INFO - HTTP Request: POST https://api.moonshot.ai/v1/chat/completions "HTTP/1.1 200 OK"
2025-08-10 22:59:11,966 - INFO - ✅ Kimi API connection successful!
2025-08-10 22:59:11,966 - INFO - [1/19] Processing: Elena_Firsova.md
2025-08-10 22:59:11,967 - INFO -   File size: 72,446 characters
2025-08-10 22:59:11,968 - INFO -   Processing with Kimi API (attempt 1/3)...
2025-08-10 23:02:11,979 - INFO - Retrying request to /chat/completions in 0.428551 seconds
2025-08-10 23:05:12,503 - INFO - Retrying request to /chat/completions in 0.802174 seconds
2025-08-10 23:06:20,912 - INFO - 
Script interrupted by user.
