Louise de Beaucourt
Fanny Hensel geb. Mendelssohn
Hope Lee
Leo Heller
Ljubica Maric
Fanny Hensel geb. Mendelssohn
Gabriele Hasler
Inge Latz
Margrit Schenker
E.-C. Jacquet de La Guerre
Isabel Moretón Achsel
Fanny Hensel geb. Mendelssohn
Fanny Hensel geb. Mendelssohn
Anna Ritter
Fanny Hensel (geb. Mendelssohn)
Fanny Hensel (geb. Mendelssohn)
Ljubica Maric
Margarethe Thulcke
Friedrich Eggers
Rudolf Baumbach
Camille van Lunen
Frederikke Egeberg
Luise Greger
Louise de Beaucourt
Fanny Hensel geb. Mendelssohn
Ljubica Maric
Judi Silvano
Hope Lee
Leo Heller
Ljubica Maric
Fanny Hensel geb. Mendelssohn
Jacqueline
Gabriele Hasler
George Herbert
Inge Latz
Margrit Schenker
E.-C. Jacquet de La Guerre
Isabel Moretón Achsel
Richer, Jeannine
Fanny Hensel geb. Mendelssohn
Raimund Schächer
Fanny Hensel geb. Mendelssohn
Anna Ritter
Fanny Hensel (geb. Mendelssohn)
Fanny Hensel (geb. Mendelssohn)
Ursula Gut
Ljubica Maric
Margarethe Thulcke
Friedrich Eggers
Rudolf Baumbach
Camille van Lunen
Frederikke Egeberg
Luise Greger
Various (Collection)
Hope Lee
Felicitas Kukuck
Jeanette Bürde
Andrea Csollány
Elena Mendoza
Gabriele Hasler
Willi Schlumberger
Theodor Storm
Deborah Mason
Florentine Mulsant
SCHORR, EVA (1927–2016)
Emely Zobel
Myriam (Lucia) Marbé
Tina Ternes
Martha Coleman
Wolfgang Amadeus Mozart
Carmen Maria Cârneci
Mia Schmidt
Anette von Droste-Hülshoff
Wang, Qiang
Sylvia Rickard
Josephine Stephenson
Christina Rossetti
Anna Amalia von Braunschweig-Wolfenbüttel
H. Rösing
Florentine Mulsant
Escot, Pozzi
Fanny Hensel geb. Mendelssohn
Carmen Maria Cârneci
Fanny Hensel geb. Mendelssohn
ZOBEL, EMELY (1964-1996)
Elisabeth von Herzogenberg
Ljubica Maric
Caroline von Egloffstein
Gabriele Hasler
Theodor Storm
Sadie Harrison
Rose Strauß
Caroline Thon
Various
Dare, Marie
Viera Janáčeková
Luise Greger
Carl Busse
Fanny Hensel geb. Mendelssohn
Theresia Schlechtriem
Alcalay, Luna
Fanny Hensel geb. Mendelssohn
Gabriele Hasler
Camille van Lunen
Elisabeth Jacquet de La Guerre
Gabriele Hasler
Gabriele Hasler
Viera Janáceková
Dorothy Williams
Florentine Mulsant
Various (H. Rösing, Martin Jentsch, Paul Wolf, Vulpius, Luise Greger)
Luise Greger
Beths de Boer de Leeuv
Amy Marcy Beach
Rudolf Baumbach
BH
Harriet Abrams
Traditionell
Luise Greger
Katia Tchemberdji
Gottfried Hertel
E.-C. Jacquet de La Guerre
Frangis Ali-Sade
Curt Trützschler von Falkenstein
Tsenova, Julia
Martha Goedel
Carmen Maria Cârneci
Anna Amalia Herzogin von Sachsen-Weimar-Eisenach
Walter Flex
ZOBEL, EMELY (1964-1996)
Luise Greger
Fanny Hensel (geb. Mendelssohn)
Alwine Wuthenow
Michele Cheng
Susanne Erding Swiridoff
Anna Amalia Herzogin von Sachsen-Weimar-Eisenach
Ellen Reid
Mia Schmidt
Diana Čemerytė
Susan H. Day
Mia Schmidt
Luise Greger
Bruni Regenbogen
Various
Even-or, Mary
Rebekah Griffin
Maria Teresa d'Agnesi Pinottini
Hope Lee
Fanny Hensel geb. Mendelssohn
Various
E.-C. Jacquet de La Guerre
Luise Greger
SCHWEIKERT, MARGARETE (1887-1957)
Luise Greger
Anna Amalia Herzogin von Sachsen-Weimar-Eisenach
Fanny Hensel geb. Mendelssohn
Anette von Droste-Hülshoff
Michail Magidenko
Lulu v. Strauss u. Torney
Camille van Lunen
Hope Lee
Luise Greger
Eva Manthe-Wahl
Marianna Martines
Luise Greger
Fanny Hensel geb. Mendelssohn
Les Reines Prochaines
Luise Greger
Fanny Hensel geb. Mendelssohn
Tina Ternes
Amy Marcy Beach
Various (Collection)
Luise Greger
Margarethe Thulcke
Hilda Pires dos Reis
Luise Greger
Harriet Abrams
Josephine Aurnhammer
Gabriele Hasler
Ljubica Maric
Anna Ritter
Luise Greger
Victoria Malawey
Gabriele Hasler
E.-C. Jacquet de La Guerre
Valerie Soudere
Camille van Lunen
Ore, Cecilie
A Lady of Fashion
Maria Theresia Elisabeth Ahlefeldt
E. E. Cummings
Various
Alvear, Maria de
Ljubica Maric
Florentine Mulsant
Amy Marcy Beach
Natalie Sleeth
Carmen Maria Cârneci
Maddalena Laura Lombardini Sirmen
Margrit Schenker
Frangis Ali-Sade
Theodor Storm
Curt Trützschler von Falkenstein
Ljubica Maric
Tina Ternes
Julius Wolff
Mary Weldon Leahy
CHERNOV
Harriet Abrams
Oxana Omelchuk
Luise Greger
Alice Spatz
Gemma Peacocke
Luise Greger
Suzanne Summerville
Camille van Lunen
Carmen Maria Cârneci
Ann-Helena Schlüter
Fanny Hensel geb. Mendelssohn
Various
Frangis Ali-Sade
Bettine von Arnim
Carmen Maria Cârneci
Oxana Omelchuk
Camille van Lunen
Rosemary Clarke
Frangis Ali-Sade
Carmen Maria Cârneci
Ludwig van Beethoven
Michail Magidenko
Hope Lee
Curt Trützschler von Falkenstein
Julius Wolff
Fanny Hensel geb. Mendelssohn
E.-C. Jacquet de La Guerre
Mazzoli, Missy
Wilhelmine von Bayreuth
Gustav Falke
Ljubica Maric
Luise Greger
Carmen Maria Cârneci
Felicitas Kukuck
Various
Hope Lee
Gabriele Hasler
Bettine von Arnim
Meng-Chia Lin
Fanny Hensel geb. Mendelssohn
Jeannette La-Deur
Rebecca Clarke
Theodor Storm
Sylvia Eichenwald
Bettine von Arnim
Michail Magidenko
Ljubica Maric
Margrit Schenker
Ida Becker
Jana Skarecky
Elisabeth Jacquet de La Guerre
Carmen Maria Cârneci
Sarah Kirkland Snider
H. Gammius
Mandelstam
Elizabeth Maconchy
Ann-Helena Schlüter
Montanari, Thais
Carmen Maria Cârneci
Domingues dos Santos, Rita de Cássia
Camille van Lunen
Luise Greger
Wilhelmine von Bayreuth
Various
Ida Carroll
Hope Lee
Fanny Hensel geb. Mendelssohn
Tina Ternes
Camille van Lunen
Pauline Viardot-Garcia
Gemma Peacocke
Anna di Venezia Bon
Neretin Tosenko Stang Ritalchenko, Lukin, Tkachenko, Znamenskii, Malov
Anna di Venezia Bon
Fanny Hensel geb. Mendelssohn
Deon Nielsen Price
Adrienne Elisha
Fanny Hensel (geb. Mendelssohn)
Camille van Lunen
Kathryn Alexander
Louise de Beaucourt
Fanny Hensel geb. Mendelssohn
Ljubica Maric
Judi Silvano
Hope Lee
Maja S K Ratkje
Leo Heller
Ljubica Maric
Fanny Hensel geb. Mendelssohn
Jacqueline
Silvia Borzelli
Gabriele Hasler
George Herbert
Dmitri Shostakovich
Inge Latz
Margrit Schenker
E.-C. Jacquet de La Guerre
Isabel Moretón Achsel
Richer, Jeannine
Fanny Hensel geb. Mendelssohn
Raimund Schächer
Fanny Hensel geb. Mendelssohn
Anna Ritter
Fanny Hensel (geb. Mendelssohn)
Sylvia Bergen
Fanny Hensel (geb. Mendelssohn)
Ursula Gut
Ljubica Maric
Margarethe Thulcke
Diana Gannett
Florentine Mulsant
Friedrich Eggers
Rudolf Baumbach
Camille van Lunen
Frederikke Egeberg
Luise Greger
Louise Alenius
Various (Collection)
Hope Lee
Felicitas Kukuck
Jeanette Bürde
Andrea Csollány
Elena Mendoza
Gabriele Hasler
Willi Schlumberger
Amy Williams
Theodor Storm
Florentine Mulsant
Deborah Mason
Florentine Mulsant
SCHORR, EVA (1927–2016)
Emely Zobel
Myriam (Lucia) Marbé
Florentine Mulsant
Tina Ternes
Martha Coleman
Wolfgang Amadeus Mozart
Carmen Maria Cârneci
Mia Schmidt
Anette von Droste-Hülshoff
Wang, Qiang
Sylvia Rickard
Josephine Stephenson
Christina Rossetti
Anna Amalia von Braunschweig-Wolfenbüttel
H. Rösing
Florentine Mulsant
Escot, Pozzi
Margaret S. Brandman
Fanny Hensel geb. Mendelssohn
Carmen Maria Cârneci
Fanny Hensel geb. Mendelssohn
ZOBEL, EMELY (1964-1996)
Elisabeth von Herzogenberg
Ljubica Maric
Dmitri Shostakovich (arranged by Lera Auerbach)
Caroline von Egloffstein
Gabriele Hasler
Theodor Storm
Sadie Harrison
Rose Strauß
Caroline Thon
Various
Dare, Marie
Viera Janáčeková
Luise Greger
Carl Busse
Zoon Oostendorp
Fanny Hensel geb. Mendelssohn
Theresia Schlechtriem
Alcalay, Luna
Fanny Hensel geb. Mendelssohn
Gabriele Hasler
Camille van Lunen
Elisabeth Jacquet de La Guerre
Gabriele Hasler
Gabriele Hasler
Viera Janáceková
Dorothy Williams
Florentine Mulsant
Margaret S. Brandman
Snížková, Jitka
Various (H. Rösing, Martin Jentsch, Paul Wolf, Vulpius, Luise Greger)
Luise Greger
Beths de Boer de Leeuv
Amy Marcy Beach
Rudolf Baumbach
Bohling Tindale, Fletcher, Muszaros, Tombling Iwabucchi Cole, Stephenson
BH
Harriet Abrams
Traditionell
Luise Greger
Katia Tchemberdji
Gottfried Hertel
E.-C. Jacquet de La Guerre
Frangis Ali-Sade
Curt Trützschler von Falkenstein
Tsenova, Julia
Martha Goedel
Katrina Gordon
Carmen Maria Cârneci
Anna Amalia Herzogin von Sachsen-Weimar-Eisenach
Walter Flex
ZOBEL, EMELY (1964-1996)
Luise Greger
Fanny Hensel (geb. Mendelssohn)
Alwine Wuthenow
Michele Cheng
Susanne Erding Swiridoff
Joyce E. Orenstein
Ann-Helena Schlüter
Anna Amalia Herzogin von Sachsen-Weimar-Eisenach
Ellen Reid
Mia Schmidt
Diana Čemerytė
Susan H. Day
Mia Schmidt
Luise Greger
Bruni Regenbogen
Various
Even-or, Mary
Rebekah Griffin
Maria Teresa d'Agnesi Pinottini
Hope Lee
Fanny Hensel geb. Mendelssohn
Various
E.-C. Jacquet de La Guerre
Luise Greger
SCHWEIKERT, MARGARETE (1887-1957)
Vassiliev Malov
Luise Greger
Anna Amalia Herzogin von Sachsen-Weimar-Eisenach
Fanny Hensel geb. Mendelssohn
Anette von Droste-Hülshoff
Michail Magidenko
Lulu v. Strauss u. Torney
Camille van Lunen
Florentine Mulsant
Hope Lee
Luise Greger
Eva Manthe-Wahl
Marianna Martines
Luise Greger
Fanny Hensel geb. Mendelssohn
Les Reines Prochaines
Luise Greger
Fanny Hensel geb. Mendelssohn
Ann-Helena Schlüter
Tina Ternes
Amy Marcy Beach
Various (Collection)
Luise Greger
Margarethe Thulcke
Hilda Pires dos Reis
Luise Greger
Harriet Abrams
Josephine Aurnhammer
Gabriele Hasler
BH
Ljubica Maric
Anna Ritter
Luise Greger
Victoria Malawey
Gabriele Hasler
Tamar Diesendruck
E.-C. Jacquet de La Guerre
Valerie Soudere
Camille van Lunen
Ore, Cecilie
A Lady of Fashion
Maria Theresia Elisabeth Ahlefeldt
E. E. Cummings
Various
Alvear, Maria de
Valerie Albright
Ljubica Maric
Florentine Mulsant
Amy Marcy Beach
Natalie Sleeth
Carmen Maria Cârneci
Maddalena Laura Lombardini Sirmen
Margrit Schenker
Frangis Ali-Sade
Theodor Storm
Curt Trützschler von Falkenstein
Ljubica Maric
Tina Ternes
Julius Wolff
Mary Weldon Leahy
CHERNOV
Scherchen-Hsiao, Tona
Harriet Abrams
Frangis Ali-Sade
Oxana Omelchuk
Luise Greger
Alice Spatz
Gemma Peacocke
Luise Greger
Suzanne Summerville
Camille van Lunen
Carmen Maria Cârneci
Ann-Helena Schlüter
Fanny Hensel geb. Mendelssohn
Various
Alice Ping Yee Ho
Alison Nowak
Britta Byström
Frangis Ali-Sade
Bettine von Arnim
Carmen Maria Cârneci
Kitazume, Yayoi
Oxana Omelchuk
Camille van Lunen
Pauline Louise Aubert
Rosemary Clarke
Peg Ahrens
Frangis Ali-Sade
Carmen Maria Cârneci
Judith Reher Martin
Ludwig van Beethoven
Michail Magidenko
Hope Lee
Curt Trützschler von Falkenstein
Julius Wolff
Fanny Hensel geb. Mendelssohn
E.-C. Jacquet de La Guerre
Mazzoli, Missy
Wilhelmine von Bayreuth
Gustav Falke
Ljubica Maric
Luise Greger
Carmen Maria Cârneci
Felicitas Kukuck
Various
Hope Lee
Gabriele Hasler
Bettine von Arnim
Meng-Chia Lin
Fanny Hensel geb. Mendelssohn
Jeannette La-Deur
Rebecca Clarke
Theodor Storm
Sylvia Eichenwald
Bettine von Arnim
Judi Silvano
Michail Magidenko
Ljubica Maric
Sergei Prokofiev (arranged by Lera Auerbach)
Margrit Schenker
Ida Becker
Jana Skarecky
Elisabeth Jacquet de La Guerre
Carmen Maria Cârneci
Sarah Kirkland Snider
H. Gammius
Mandelstam
Elaine Agnew
Elizabeth Maconchy
Ann-Helena Schlüter
Montanari, Thais
Aquino, Francisca/Vasconcellos, Ricardo/ Gonzaga, Chinquinha
Carmen Maria Cârneci
Domingues dos Santos, Rita de Cássia
Camille van Lunen
Luise Greger
Wilhelmine von Bayreuth
Various
Ida Carroll
Hope Lee
Fanny Hensel geb. Mendelssohn
Patricia Alessandrini
Tina Ternes
Camille van Lunen
Pauline Viardot-Garcia
Gemma Peacocke
Anna di Venezia Bon
Neretin Tosenko Stang Ritalchenko, Lukin, Tkachenko, Znamenskii, Malov
Anna di Venezia Bon
Fanny Hensel geb. Mendelssohn
Deon Nielsen Price
Adrienne Elisha
Fanny Hensel (geb. Mendelssohn)
Caroline Wilkins
Camille van Lunen
Kathryn Alexander
Louise de Beaucourt
Fanny Hensel geb. Mendelssohn
Ljubica Maric
Judi Silvano
Hope Lee
Janina Garscia-Gressel
Florentine Mulsant
BH
Maja S K Ratkje
Leo Heller
Jack Lawson
Meng-Chia Lin
Ljubica Maric
Fanny Hensel geb. Mendelssohn
Jacqueline
Peter Herbert
Silvia Borzelli
Angela Schofield
Gabriele Hasler
George Herbert
Dmitri Shostakovich
Inge Latz
Margrit Schenker
E.-C. Jacquet de La Guerre
Ljubica Maric
Isabel Moretón Achsel
Richer, Jeannine
Fanny Hensel geb. Mendelssohn
Raimund Schächer
Mary Even-or
Fanny Hensel geb. Mendelssohn
Anna Ritter
Fanny Hensel (geb. Mendelssohn)
Sylvia Bergen
Florentine Mulsant
Fanny Hensel (geb. Mendelssohn)
Ursula Gut
Ljubica Maric
Catherine Elliott
Margarethe Thulcke
Diana Gannett
Caroline Thon
Florentine Mulsant
Friedrich Eggers
Arline Diamond
Rudolf Baumbach
Camille van Lunen
BH
Hope Lee
Frederikke Egeberg
Luise Greger
Louise Alenius
DMITRI SHOSTAKOVICH
Mary Ellen Childs
Various (Collection)
Hope Lee
Felicitas Kukuck
PYOTR TCHAIKOVSKY
Jeanette Bürde
Andrea Csollány
Elena Mendoza
Aarne, Els
Gwyneth van Anden Walker
Elliott, Catherine
Mary Ellen Childs
Gabriele Hasler
Willi Schlumberger
Amy Williams
BH
Theodor Storm
Florentine Mulsant
Szönyi, Erzsébet
Leiferkus Fletcher Bohling. Hultmark Powell · Cole · Stephenson
Deborah Mason
Florentine Mulsant
Aarne, Els
SCHORR, EVA (1927–2016)
Emely Zobel
Myriam (Lucia) Marbé
Florentine Mulsant
Tina Ternes
Martha Coleman
Julie Mandel
Wolfgang Amadeus Mozart
Carmen Maria Cârneci
Mia Schmidt
Anette von Droste-Hülshoff
Wang, Qiang
Danielle Williams
Sylvia Rickard
Josephine Stephenson
Christina Rossetti
Florentine Mulsant
Anna Amalia von Braunschweig-Wolfenbüttel
Griebling-Haigh, Margaret Ann
Collins Stoop, Margaret
Various Composers
H. Rösing
Katia Makdissi-Warren
Arline Diamond
Florentine Mulsant
Escot, Pozzi
Margaret S. Brandman
Fanny Hensel geb. Mendelssohn
Carmen Maria Cârneci
Dmitri Schostakowitsch
Babette Koblenz
Fanny Hensel geb. Mendelssohn
Jovanka Trbojević
ZOBEL, EMELY (1964-1996)
Elisabeth von Herzogenberg
Ljubica Maric
Sibylle Pomorin
Dmitri Shostakovich (arranged by Lera Auerbach)
Caroline von Egloffstein
Rosemary Clarke
Gabriele Hasler
Theodor Storm
Sadie Harrison
Regine Brunke
Rose Strauß
Derzhavin
Frangis Ali-Sade
Caroline Thon
Zakrzewska - Nikiporczyk, Barbara Maria
Various
Dare, Marie
Ida Carroll
Viera Janáčeková
Luise Greger
Carl Busse
Zoon Oostendorp
Inti Figgis-Vizueta
Fanny Hensel geb. Mendelssohn
Theresia Schlechtriem
Alcalay, Luna
Fanny Hensel geb. Mendelssohn
Sarah Kirkland Snider
Deon Nielson Price
Gabriele Hasler
Camille van Lunen
Janice Misurell-Mitchell
Elisabeth Jacquet de La Guerre
Roosa (Shuster), Alissa
Gabriele Hasler
Florentine Mulsant
Beth Wiemann
Gabriele Hasler
Lissa Meridan
Viera Janáceková
Ida Carroll
Maddalena Laura Lombardini Sirmen
Dorothy Williams
Florentine Mulsant
BH
Margaret S. Brandman
Hays, Sorrel, pseudonym of Doris Ernestine
Tamar Diesendruck
Snížková, Jitka
Various (H. Rösing, Martin Jentsch, Paul Wolf, Vulpius, Luise Greger)
Luise Greger
Juliet Palmer
Beths de Boer de Leeuv
Amy Marcy Beach
Frangis Ali-Sade
Rudolf Baumbach
Florentine Mulsant
Bohling Tindale, Fletcher, Muszaros, Tombling Iwabucchi Cole, Stephenson
BH
Harriet Abrams
Traditionell
Luise Greger
Marianna Martines
Nelson, Sheila M.; Elliott, Catherine
Sutherland, Margaret and Esther Rofe
Katia Tchemberdji
Raimund Schächer
Gottfried Hertel
E.-C. Jacquet de La Guerre
Frangis Ali-Sade
Curt Trützschler von Falkenstein
Tsenova, Julia
BH
Raimund Schächer
Cecconi, Monic
Martha Goedel
Katrina Gordon
Carmen Maria Cârneci
Anna Amalia Herzogin von Sachsen-Weimar-Eisenach
Walter Flex
ZOBEL, EMELY (1964-1996)
BH
Luise Greger
Fanny Hensel (geb. Mendelssohn)
Alwine Wuthenow
Alice Spatz
Michele Cheng
Susanne Erding Swiridoff
Mandelstam
Joyce E. Orenstein
Ann-Helena Schlüter
Anna Amalia Herzogin von Sachsen-Weimar-Eisenach
Ellen Reid
Mia Schmidt
Kooistra Denyer
Diana Čemerytė
Susan H. Day
Mia Schmidt
Luise Greger
Sönmez, Defne
Bruni Regenbogen
Carolina Heredia
Various
Even-or, Mary
Rebekah Griffin
Maria Teresa d'Agnesi Pinottini
Hope Lee
Fanny Hensel geb. Mendelssohn
Various
Florentine Mulsant
E.-C. Jacquet de La Guerre
Luise Greger
van Vliet Konink · Denyer · Meeuwsen
SCHWEIKERT, MARGARETE (1887-1957)
Vassiliev Malov
Luise Greger
Beths de Leeuw
Anna Amalia Herzogin von Sachsen-Weimar-Eisenach
Irina Roerig (based on works by Franghiz Ali-Zadeh)
Fanny Hensel geb. Mendelssohn
Anette von Droste-Hülshoff
Michail Magidenko
Lulu v. Strauss u. Torney
Camille van Lunen
Florentine Mulsant
Florentine Mulsant
Hope Lee
Luise Greger
Eva Manthe-Wahl
Marianna Martines
Florentine Mulsant
Adrienne Albert
Luise Greger
Fanny Hensel geb. Mendelssohn
Les Reines Prochaines
Omelchuk, Oxana
Luise Greger
Fanny Hensel geb. Mendelssohn
Frangis Ali-Sade
Ann-Helena Schlüter
Tina Ternes
Amy Marcy Beach
Carla Huston Bell
Various (Collection)
Alice Spatz
Ludwig van Beethoven
Luise Greger
Silvia de Lucca
Margarethe Thulcke
Hilda Pires dos Reis
Luise Greger
Harriet Abrams
Rosemary Mountain
Josephine Aurnhammer
Dmitri Shostakovich (arranged by Lera Auerbach)
Andra Patterson
Gabriele Hasler
BH
Ljubica Maric
Aquino, Francisca; Vasconcellos, Ricardo
Anna Ritter
Luise Greger
Lund, Gudrun
Victoria Malawey
Gabriele Hasler
Susan Cahill
Marcelle Soulage
Tamar Diesendruck
E.-C. Jacquet de La Guerre
Julia Maria Morrison
Valerie Soudere
Camille van Lunen
Deon Nielson Price
Mette Nielson
Ore, Cecilie
Borzelli, Silvia
Alina Piechowska-Pascal
A Lady of Fashion
Maria Theresia Elisabeth Ahlefeldt
E. E. Cummings
Kim Diehnelt
Various
Alvear, Maria de
Raimund Schächer
Nosarev
Wilhelmine von Bayreuth
Hannah Ishizaki
Judi Silvano
Josephine Aurnhammer
Valerie Albright
Johannes X. Schachtner (arranger)
Ljubica Maric
Frangis Ali-Sade
Florentine Mulsant
Gaelen McCormick
Amy Marcy Beach
Natalie Sleeth
Gubaidulina
Carmen Maria Cârneci
Maddalena Laura Lombardini Sirmen
Margrit Schenker
Valeri Popov
Frangis Ali-Sade
Theodor Storm
Curt Trützschler von Falkenstein
Ljubica Maric
Tina Ternes
Julius Wolff
Mary Weldon Leahy
CHERNOV
Scherchen-Hsiao, Tona
Harriet Abrams
Ann-Helena Schlüter
Frangis Ali-Sade
Gitta Steiner
Oxana Omelchuk
Schlünz, Annette
Sofia Kraevska
Catherine Elliott
Marianna Martines
Luise Greger
Alice Spatz
Gemma Peacocke
Luise Greger
Suzanne Summerville
Schumann, Clara/ Gannett, Diana
Juliet Palmer
Camille van Lunen
Johann Strauss
Carmen Maria Cârneci
Khayam
Ann-Helena Schlüter
Maria Szreder
Fanny Hensel geb. Mendelssohn
Various
Alice Ping Yee Ho
Alison Nowak
Britta Byström
Vasily Lobanov
Sky Macklay
Frangis Ali-Sade
Propischin Kolosov, Goryachev, Vulik, Kovulenko, Peresipkin Sokolov, Nefedov, Javmertchik, Sandovskaya, Malov
Bettine von Arnim
Carmen Maria Cârneci
Kitazume, Yayoi
Oxana Omelchuk
Camille van Lunen
Elaine Fine
Pauline Louise Aubert
Rosemary Clarke
Peg Ahrens
Frangis Ali-Sade
Carmen Maria Cârneci
Judith Reher Martin
Gubaidulina, Sofia
Ludwig van Beethoven
Richard Rodney Bennett
Michail Magidenko
Frangis Ali-Sade
Deon Nielsen Price
Hope Lee
Elaine Agnew
Curt Trützschler von Falkenstein
Julius Wolff
Fanny Hensel geb. Mendelssohn
E.-C. Jacquet de La Guerre
Mazzoli, Missy
Wilhelmine von Bayreuth
Camille van Lunen
Gustav Falke
Ljubica Maric
Frangis Ali-Sade
Elaine Dobson
Gabriella Smith
Barbara Buczek
Luise Greger
Carmen Maria Cârneci
Marianna Martines
Florentine Mulsant
Felicitas Kukuck
Various
Hope Lee
Florentine Mulsant
Gabriele Hasler
George Herbert
Bettine von Arnim
Thomas Larcher
Prokofiev
Sônia Ray
Meng-Chia Lin
Fanny Hensel geb. Mendelssohn
Jeannette La-Deur
Rebecca Clarke
DMITRI SHOSTAKOVICH (arranged by Lera Auerbach)
Theodor Storm
Sylvia Eichenwald
Bettine von Arnim
Aoki Navarro, Fernanda
Judi Silvano
Michail Magidenko
Rissin
Aeschlimann-Roth, Esther
Ljubica Maric
Sergei Prokofiev (arranged by Lera Auerbach)
Shustin Malov
Sadie Harrison
Margrit Schenker
Ida Becker
Mandelstam
Jana Skarecky
Elisabeth Jacquet de La Guerre
Florentine Mulsant
Carmen Maria Cârneci
Sarah Kirkland Snider
H. Gammius
Mandelstam
Elaine Agnew
Elizabeth Maconchy
Alan Spence
Ann-Helena Schlüter
Montanari, Thais
Aquino, Francisca/Vasconcellos, Ricardo/ Gonzaga, Chinquinha
Carmen Maria Cârneci
Brigitte Gauthier
Domingues dos Santos, Rita de Cássia
Meng-Chia Lin
Camille van Lunen
Luise Greger
Wilhelmine von Bayreuth
Various
Ida Carroll
Hope Lee
Ann-Helena Schlüter
Fanny Hensel geb. Mendelssohn
Rebecca Pape
Patricia Alessandrini
Tina Ternes
Camille van Lunen
BH
Pauline Viardot-Garcia
Raimund Schächer
Gemma Peacocke
Kramarchuk, Katerina
Juliet Palmer
Anna di Venezia Bon
Louise de Beaucourt
Fanny Hensel geb. Mendelssohn
Ljubica Maric
Judi Silvano
Hope Lee
Janina Garscia-Gressel
Florentine Mulsant
BH
Maja S K Ratkje
Leo Heller
Jack Lawson
Raimund Schächer
Meng-Chia Lin
Ljubica Maric
Fanny Hensel geb. Mendelssohn
Jacqueline
Peter Herbert
Silvia Borzelli
Angela Schofield
Gabriele Hasler
George Herbert
Dmitri Shostakovich
Inge Latz
Margrit Schenker
Waring, Kate
E.-C. Jacquet de La Guerre
Ljubica Maric
Isabel Moretón Achsel
Richer, Jeannine
Fanny Hensel geb. Mendelssohn
Raimund Schächer
Mary Even-or
Fanny Hensel geb. Mendelssohn
Anna Ritter
Misurell-Mitchell, Janice
Fanny Hensel (geb. Mendelssohn)
Sylvia Bergen
Florentine Mulsant
Fanny Hensel (geb. Mendelssohn)
Ursula Gut
Ljubica Maric
Catherine Elliott
Margarethe Thulcke
Diana Gannett
Caroline Thon
Florentine Mulsant
Friedrich Eggers
Arline Diamond
Rudolf Baumbach
Villanueva, María Cecilia
Camille van Lunen
BH
Hope Lee
Frederikke Egeberg
Luise Greger
Louise Alenius
DMITRI SHOSTAKOVICH
Mary Ellen Childs
Various (Collection)
Hope Lee
Felicitas Kukuck
PYOTR TCHAIKOVSKY
Jeanette Bürde
Andrea Csollány
Elena Mendoza
Rezende, Marisa
Aarne, Els
Gwyneth van Anden Walker
Elliott, Catherine
Mary Ellen Childs
Gabriele Hasler
Willi Schlumberger
Maja S K Ratkje
Amy Williams
BH
Theodor Storm
Florentine Mulsant
Szönyi, Erzsébet
Leiferkus Fletcher Bohling. Hultmark Powell · Cole · Stephenson
Juliet Palmer
Deborah Mason
Florentine Mulsant
Aarne, Els
SCHORR, EVA (1927–2016)
Emely Zobel
Myriam (Lucia) Marbé
Florentine Mulsant
Tina Ternes
Martha Coleman
Julie Mandel
Wolfgang Amadeus Mozart
Carmen Maria Cârneci
Mia Schmidt
Anette von Droste-Hülshoff
Wang, Qiang
Danielle Williams
Sylvia Rickard
Josephine Stephenson
Christina Rossetti
Florentine Mulsant
Anna Amalia von Braunschweig-Wolfenbüttel
Griebling-Haigh, Margaret Ann
Collins Stoop, Margaret
Various Composers
H. Rösing
Katia Makdissi-Warren
Arline Diamond
Florentine Mulsant
Escot, Pozzi
Margaret S. Brandman
Fanny Hensel geb. Mendelssohn
Carmen Maria Cârneci
Elliott, Catherine
Dmitri Schostakowitsch
Babette Koblenz
Fanny Hensel geb. Mendelssohn
Jovanka Trbojević
ZOBEL, EMELY (1964-1996)
Elisabeth von Herzogenberg
Ljubica Maric
Sibylle Pomorin
Dmitri Shostakovich (arranged by Lera Auerbach)
Caroline von Egloffstein
Rosemary Clarke
Judi Silvano
Gabriele Hasler
Theodor Storm
Sadie Harrison
Regine Brunke
Rose Strauß
Derzhavin
Frangis Ali-Sade
Caroline Thon
Zakrzewska - Nikiporczyk, Barbara Maria
Various
Dare, Marie
Ida Carroll
Viera Janáčeková
Zakrzewska - Nikiporczyk, Barbara Maria
Luise Greger
Carl Busse
Zoon Oostendorp
Inti Figgis-Vizueta
Fanny Hensel geb. Mendelssohn
Theresia Schlechtriem
Alcalay, Luna
Fanny Hensel geb. Mendelssohn
Sarah Kirkland Snider
Deon Nielson Price
Margaret S. Brandman
Gabriele Hasler
Camille van Lunen
Janice Misurell-Mitchell
Elisabeth Jacquet de La Guerre
Roosa (Shuster), Alissa
Gabriele Hasler
Florentine Mulsant
Beth Wiemann
Gabriele Hasler
Lissa Meridan
Viera Janáceková
Ida Carroll
Maddalena Laura Lombardini Sirmen
Dorothy Williams
Florentine Mulsant
BH
Margaret S. Brandman
Hays, Sorrel, pseudonym of Doris Ernestine
Tamar Diesendruck
Snížková, Jitka
Various (H. Rösing, Martin Jentsch, Paul Wolf, Vulpius, Luise Greger)
Luise Greger
Juliet Palmer
Beths de Boer de Leeuv
Amy Marcy Beach
Frangis Ali-Sade
Rudolf Baumbach
Florentine Mulsant
Bohling Tindale, Fletcher, Muszaros, Tombling Iwabucchi Cole, Stephenson
BH
Harriet Abrams
Traditionell
Luise Greger
Marianna Martines
Nelson, Sheila M.; Elliott, Catherine
Sutherland, Margaret and Esther Rofe
Katia Tchemberdji
Raimund Schächer
Gottfried Hertel
E.-C. Jacquet de La Guerre
Frangis Ali-Sade
Curt Trützschler von Falkenstein
Tsenova, Julia
BH
Raimund Schächer
Cecconi, Monic
Martha Goedel
Katrina Gordon
Carmen Maria Cârneci
Anna Amalia Herzogin von Sachsen-Weimar-Eisenach
Walter Flex
ZOBEL, EMELY (1964-1996)
BH
Luise Greger
Fanny Hensel (geb. Mendelssohn)
Alwine Wuthenow
Alice Spatz
Michele Cheng
Susanne Erding Swiridoff
Regine Brunke
Mandelstam
Joyce E. Orenstein
Ann-Helena Schlüter
Anna Amalia Herzogin von Sachsen-Weimar-Eisenach
Ellen Reid
Mia Schmidt
Kooistra Denyer
Diana Čemerytė
Susan H. Day
Mia Schmidt
Luise Greger
Sönmez, Defne
Bruni Regenbogen
Carolina Heredia
Various
Even-or, Mary
Rebekah Griffin
Maria Teresa d'Agnesi Pinottini
Hope Lee
Fanny Hensel geb. Mendelssohn
Various
Florentine Mulsant
E.-C. Jacquet de La Guerre
Luise Greger
van Vliet Konink · Denyer · Meeuwsen
SCHWEIKERT, MARGARETE (1887-1957)
Vassiliev Malov
Luise Greger
Beths de Leeuw
Anna Amalia Herzogin von Sachsen-Weimar-Eisenach
Irina Roerig (based on works by Franghiz Ali-Zadeh)
Fanny Hensel geb. Mendelssohn
Anette von Droste-Hülshoff
Michail Magidenko
Lulu v. Strauss u. Torney
Camille van Lunen
Florentine Mulsant
Florentine Mulsant
Hope Lee
Luise Greger
Eva Manthe-Wahl
Marianna Martines
Florentine Mulsant
Adrienne Albert
Luise Greger
Fanny Hensel geb. Mendelssohn
Les Reines Prochaines
Omelchuk, Oxana
Luise Greger
Fanny Hensel geb. Mendelssohn
Frangis Ali-Sade
Ann-Helena Schlüter
Tina Ternes
Amy Marcy Beach
Carla Huston Bell
Various (Collection)
Alice Spatz
Ludwig van Beethoven
Luise Greger
Silvia de Lucca
Margarethe Thulcke
Hilda Pires dos Reis
Luise Greger
Harriet Abrams
Joanna Stepalska-Spix
Rosemary Mountain
Josephine Aurnhammer
Dmitri Shostakovich (arranged by Lera Auerbach)
Andra Patterson
Gabriele Hasler
BH
Ljubica Maric
Aquino, Francisca; Vasconcellos, Ricardo
Anna Ritter
Luise Greger
Lund, Gudrun
Victoria Malawey
Meng-Chia Lin
Gabriele Hasler
Susan Cahill
Marcelle Soulage
Tamar Diesendruck
Frances Hoad, Cheryl
E.-C. Jacquet de La Guerre
Julia Maria Morrison
Valerie Soudere
Camille van Lunen
Deon Nielson Price
Mette Nielson
Ore, Cecilie
Borzelli, Silvia
Alina Piechowska-Pascal
A Lady of Fashion
Maria Theresia Elisabeth Ahlefeldt
E. E. Cummings
Kim Diehnelt
Various
Alvear, Maria de
Raimund Schächer
Sadie Harrison
Nosarev
Wilhelmine von Bayreuth
Hannah Ishizaki
Judi Silvano
Josephine Aurnhammer
Valerie Albright
Johannes X. Schachtner (arranger)
Ljubica Maric
Frangis Ali-Sade
Florentine Mulsant
Gaelen McCormick
Amy Marcy Beach
Natalie Sleeth
Gubaidulina
Carmen Maria Cârneci
Maddalena Laura Lombardini Sirmen
Margrit Schenker
Wendy Durrwachter
Valeri Popov
Frangis Ali-Sade
Claudia Montero
Theodor Storm
Curt Trützschler von Falkenstein
Shakespeare
Ljubica Maric
Tina Ternes
Julius Wolff
BH
Mary Weldon Leahy
CHERNOV
Scherchen-Hsiao, Tona
Harriet Abrams
Ann-Helena Schlüter
Elisabeth Spöndlin
Frangis Ali-Sade
Gitta Steiner
Oxana Omelchuk
Schlünz, Annette
Raimund Schächer
Sofia Kraevska
Catherine Elliott
Marianna Martines
Luise Greger
Alice Spatz
Gemma Peacocke
Luise Greger
Suzanne Summerville
Schumann, Clara/ Gannett, Diana
Juliet Palmer
Camille van Lunen
Johann Strauss
Carmen Maria Cârneci
Khayam
Ann-Helena Schlüter
Maria Szreder
Fanny Hensel geb. Mendelssohn
Various
Alice Ping Yee Ho
Alison Nowak
Britta Byström
Vasily Lobanov
Sky Macklay
Frangis Ali-Sade
Propischin Kolosov, Goryachev, Vulik, Kovulenko, Peresipkin Sokolov, Nefedov, Javmertchik, Sandovskaya, Malov
Florentine Mulsant
Bettine von Arnim
Carmen Maria Cârneci
Kitazume, Yayoi
Oxana Omelchuk
Camille van Lunen
Elaine Fine
Pauline Louise Aubert
Rosemary Clarke
Sarah Kirkland Snider
Peg Ahrens
Frangis Ali-Sade
Carmen Maria Cârneci
Elizabeth Brown
Judith Reher Martin
Gubaidulina, Sofia
Ludwig van Beethoven
Richard Rodney Bennett
Michail Magidenko
Frangis Ali-Sade
Deon Nielsen Price
Hope Lee
Elaine Agnew
Curt Trützschler von Falkenstein
Julius Wolff
Fanny Hensel geb. Mendelssohn
E.-C. Jacquet de La Guerre
Mazzoli, Missy
Wilhelmine von Bayreuth
Camille van Lunen
Gustav Falke
Ljubica Maric
Frangis Ali-Sade
Elaine Dobson
Gabriella Smith
Barbara Buczek
Luise Greger
Carmen Maria Cârneci
Marianna Martines
Florentine Mulsant
Felicitas Kukuck
Anderson, Beth
Various
Hope Lee
Florentine Mulsant
Gabriele Hasler
George Herbert
Bettine von Arnim
Thomas Larcher
Prokofiev
Sônia Ray
Meng-Chia Lin
Fanny Hensel geb. Mendelssohn
Jeannette La-Deur
Rebecca Clarke
DMITRI SHOSTAKOVICH (arranged by Lera Auerbach)
Theodor Storm
Sylvia Eichenwald
Bettine von Arnim
Aoki Navarro, Fernanda
Judi Silvano
Michail Magidenko
Rissin
Aeschlimann-Roth, Esther
Ljubica Maric
Sergei Prokofiev (arranged by Lera Auerbach)
Shustin Malov
Sadie Harrison
Margrit Schenker
Ida Becker
Mandelstam
Jana Skarecky
Elisabeth Jacquet de La Guerre
Florentine Mulsant
Carmen Maria Cârneci
Sarah Kirkland Snider
H. Gammius
Mandelstam
Elaine Agnew
Elizabeth Maconchy
Alan Spence
Ann-Helena Schlüter
Montanari, Thais
Aquino, Francisca/Vasconcellos, Ricardo/ Gonzaga, Chinquinha
Carmen Maria Cârneci
Elaine Agnew
Brigitte Gauthier
Domingues dos Santos, Rita de Cássia
Meng-Chia Lin
Catherine Elliott
Camille van Lunen
Luise Greger
Wilhelmine von Bayreuth
Various
Ida Carroll
Hope Lee
Ann-Helena Schlüter
Fanny Hensel geb. Mendelssohn
Rebecca Pape
Patricia Alessandrini
Tina Ternes
Camille van Lunen
BH
Pauline Viardot-Garcia
Raimund Schächer
Gemma Peacocke
BH
Florentine Mulsant
Kramarchuk, Katerina
Juliet Palmer
Anna di Venezia Bon
Florentine Mulsant
Frangis Ali-Sade
Sarah Elise Thompson
Blake
Neretin Tosenko Stang Ritalchenko, Lukin, Tkachenko, Znamenskii, Malov
Anna di Venezia Bon
Fanny Hensel geb. Mendelssohn
Josepha (Josephine) Barbara von Aurnhammer
Friedrich / Bauer / Duis
Deon Nielsen Price
Adrienne Elisha
Fanny Hensel (geb. Mendelssohn)
St John, Kathleen
Caroline Wilkins
Elaine Aberdam
Camille van Lunen
Kathryn Alexander
Mandelstam
Frangis Ali-Sade
Louise de Beaucourt
Fanny Hensel geb. Mendelssohn
Ljubica Maric
Judi Silvano
Hope Lee
Janina Garscia-Gressel
Florentine Mulsant
BH
Maja S K Ratkje
Leo Heller
Jack Lawson
Raimund Schächer
Meng-Chia Lin
Ljubica Maric
Fanny Hensel geb. Mendelssohn
Jacqueline
Peter Herbert
Silvia Borzelli
Angela Schofield
Gabriele Hasler
Aubert, Pauline Louise Henriette
Myriam (Lucia) Marbé
George Herbert
Dmitri Shostakovich
Inge Latz
Catherine Elliott
Margrit Schenker
Waring, Kate
E.-C. Jacquet de La Guerre
Tina Ternes
Ljubica Maric
Isabel Moretón Achsel
Richer, Jeannine
Fanny Hensel geb. Mendelssohn
Raimund Schächer
Mary Even-or
Fanny Hensel geb. Mendelssohn
Meng-Chia Lin
Griebling-Haigh, Margaret Ann
Anna Ritter
Misurell-Mitchell, Janice
George Herbert
Fanny Hensel (geb. Mendelssohn)
Sylvia Bergen
Florentine Mulsant
Fanny Hensel (geb. Mendelssohn)
Ursula Gut
Ljubica Maric
Catherine Elliott
Margarethe Thulcke
Diana Gannett
Elizabeth (Liz) Lane
Various Composers
Mette Nielsen
Caroline Thon
Florentine Mulsant
Beiser Oldfather
Friedrich Eggers
Arline Diamond
Rudolf Baumbach
Villanueva, María Cecilia
Meng-Chia Lin
Wys, Margaret, De
Camille van Lunen
Snezana Nesic
BH
Hope Lee
Frederikke Egeberg
Luise Greger
Louise Alenius
DMITRI SHOSTAKOVICH
Mary Ellen Childs
Various (Collection)
Hope Lee
Felicitas Kukuck
PYOTR TCHAIKOVSKY
Jeanette Bürde
Andrea Csollány
Julia Maria Morrison
Elena Mendoza
Rezende, Marisa
Aarne, Els
Gwyneth van Anden Walker
Elliott, Catherine
Mary Ellen Childs
Gabriele Hasler
Willi Schlumberger
Maja S K Ratkje
Elisabeth Amandi
Amy Williams
BH
Theodor Storm
Florentine Mulsant
Szönyi, Erzsébet
Leiferkus Fletcher Bohling. Hultmark Powell · Cole · Stephenson
Juliet Palmer
Deborah Mason
Florentine Mulsant
Aarne, Els
SCHORR, EVA (1927–2016)
Schroeder
Emely Zobel
Myriam (Lucia) Marbé
Florentine Mulsant
Tina Ternes
Martha Coleman
Julie Mandel
Wolfgang Amadeus Mozart
Carmen Maria Cârneci
Mia Schmidt
Anette von Droste-Hülshoff
Wang, Qiang
Danielle Williams
Sylvia Rickard
Josephine Stephenson
Christina Rossetti
Florentine Mulsant
Anna Amalia von Braunschweig-Wolfenbüttel
Griebling-Haigh, Margaret Ann
Collins Stoop, Margaret
Various Composers
H. Rösing
Katia Makdissi-Warren
Arline Diamond
Florentine Mulsant
Escot, Pozzi
Margaret S. Brandman
Fanny Hensel geb. Mendelssohn
Carmen Maria Cârneci
Abe, Kyoko
Elliott, Catherine
Dmitri Schostakowitsch
Babette Koblenz
Fanny Hensel geb. Mendelssohn
Jovanka Trbojević
ZOBEL, EMELY (1964-1996)
Elisabeth von Herzogenberg
Ljubica Maric
Olive
Sibylle Pomorin
Dmitri Shostakovich (arranged by Lera Auerbach)
Caroline von Egloffstein
Rosemary Clarke
Judi Silvano
Gabriele Hasler
Theodor Storm
Sadie Harrison
Regine Brunke
Rose Strauß
Derzhavin
Frangis Ali-Sade
Caroline Thon
Rostropovich, Lubimov
Zakrzewska - Nikiporczyk, Barbara Maria
Various
Dare, Marie
Ida Carroll
Viera Janáčeková
Zakrzewska - Nikiporczyk, Barbara Maria
Luise Greger
Carl Busse
Zoon Oostendorp
Catherine Elliott
Inti Figgis-Vizueta
Viking Eggeling
Fanny Hensel geb. Mendelssohn
Catherine Elliott
Theresia Schlechtriem
Alcalay, Luna
Fanny Hensel geb. Mendelssohn
Rodgers, Sarah
Sarah Kirkland Snider
Depelsenaire, Jean-Marie
Deon Nielson Price
Margaret S. Brandman
Gabriele Hasler
Camille van Lunen
Hayakawa, Kazuko
Janice Misurell-Mitchell
Elisabeth Jacquet de La Guerre
Roosa (Shuster), Alissa
Gabriele Hasler
Florentine Mulsant
Beth Wiemann
Gabriele Hasler
Lissa Meridan
Viera Janáceková
Ida Carroll
Maddalena Laura Lombardini Sirmen
Dorothy Williams
Florentine Mulsant
BH
Margaret S. Brandman
Hays, Sorrel, pseudonym of Doris Ernestine
Tamar Diesendruck
Snížková, Jitka
Various (H. Rösing, Martin Jentsch, Paul Wolf, Vulpius, Luise Greger)
Þorkelsdóttir, Mist
Luise Greger
Juliet Palmer
Beths de Boer de Leeuv
Amy Marcy Beach
Frangis Ali-Sade
Rudolf Baumbach
Florentine Mulsant
Bohling Tindale, Fletcher, Muszaros, Tombling Iwabucchi Cole, Stephenson
BH
Harriet Abrams
Traditionell
Regine Brunke
Luise Greger
Marianna Martines
Nelson, Sheila M.; Elliott, Catherine
Sutherland, Margaret and Esther Rofe
Katia Tchemberdji
Raimund Schächer
Gottfried Hertel
Kirsty Beilharz
E.-C. Jacquet de La Guerre
Frangis Ali-Sade
Curt Trützschler von Falkenstein
Tsenova, Julia
Raimund Schächer
BH
Raimund Schächer
Cecconi, Monic
Martha Goedel
Katrina Gordon
Judi Silvano
Carmen Maria Cârneci
Elaine Agnew
Anna Amalia Herzogin von Sachsen-Weimar-Eisenach
Walter Flex
ZOBEL, EMELY (1964-1996)
BH
Luise Greger
Fanny Hensel (geb. Mendelssohn)
GLINKA
Alwine Wuthenow
Alice Spatz
Michele Cheng
Susanne Erding Swiridoff
Regine Brunke
Mandelstam
Joyce E. Orenstein
Ann-Helena Schlüter
Anna Amalia Herzogin von Sachsen-Weimar-Eisenach
Ellen Reid
Mia Schmidt
Kooistra Denyer
Diana Čemerytė
Susan H. Day
Mia Schmidt
Luise Greger
Catherine Elliott
Sönmez, Defne
Bruni Regenbogen
Carolina Heredia
Various
Even-or, Mary
Ivashkin, Pergamenshikov, Wietheger, Langot
Rebekah Griffin
Maria Teresa d'Agnesi Pinottini
Hope Lee
Fanny Hensel geb. Mendelssohn
Various
Smirnova, Tatiana
Elena Mendoza
Inez S. McComas
Florentine Mulsant
E.-C. Jacquet de La Guerre
Luise Greger
van Vliet Konink · Denyer · Meeuwsen
SCHWEIKERT, MARGARETE (1887-1957)
Vassiliev Malov
Luise Greger
EDISON DENISOV
Catherine Elliott
Beths de Leeuw
Anna Amalia Herzogin von Sachsen-Weimar-Eisenach
Irina Roerig (based on works by Franghiz Ali-Zadeh)
Fanny Hensel geb. Mendelssohn
Anette von Droste-Hülshoff
Michail Magidenko
Lulu v. Strauss u. Torney
Camille van Lunen
Florentine Mulsant
Florentine Mulsant
Hope Lee
Josephine Stephenson
Christine Donkin
Rosemary Duxbury
Spöndlin, Elisabeth
Luise Greger
Eva Manthe-Wahl
Marianna Martines
Various Composers
Florentine Mulsant
Adrienne Albert
Tatyana Pavlovna Sergeyeva
Stepalska-Spix, Joanna
Luise Greger
Fanny Hensel geb. Mendelssohn
Les Reines Prochaines
Omelchuk, Oxana
Luise Greger
Fanny Hensel geb. Mendelssohn
Frangis Ali-Sade
Ann-Helena Schlüter
Tina Ternes
Amy Marcy Beach
Carla Huston Bell
Various (Collection)
Alice Spatz
Ludwig van Beethoven
Ellen Reid
Luise Greger
Silvia de Lucca
Margarethe Thulcke
Hilda Pires dos Reis
Luise Greger
Harriet Abrams
Joanna Stepalska-Spix
Rosemary Mountain
Josephine Aurnhammer
Dmitri Shostakovich (arranged by Lera Auerbach)
Andra Patterson
Gabriele Hasler
BH
Ljubica Maric
Aquino, Francisca; Vasconcellos, Ricardo
Anna Ritter
Luise Greger
Lund, Gudrun
Victoria Malawey
Meng-Chia Lin
Gabriele Hasler
Susan Cahill
Marcelle Soulage
Tamar Diesendruck
Frances Hoad, Cheryl
Katia Makdissi-Warren
E.-C. Jacquet de La Guerre
Julia Maria Morrison
Betsy Soukup
Valerie Soudere
Camille van Lunen
Deon Nielson Price
Mette Nielson
Ore, Cecilie
Borzelli, Silvia
Alina Piechowska-Pascal
Kathleen Jamie
A Lady of Fashion
Maria Theresia Elisabeth Ahlefeldt
E. E. Cummings
Kim Diehnelt
Various
Alvear, Maria de
Raimund Schächer
Sadie Harrison
Nosarev
Wilhelmine von Bayreuth
Hannah Ishizaki
Judi Silvano
Josephine Aurnhammer
Valerie Albright
Colin-De Clerk, Jeanne
Johannes X. Schachtner (arranger)
Ljubica Maric
Frangis Ali-Sade
Florentine Mulsant
Meng-Chia Lin
Gaelen McCormick
Amy Marcy Beach
Natalie Sleeth
Elizabeth Maconchy
Gubaidulina
Carmen Maria Cârneci
Maddalena Laura Lombardini Sirmen
Margrit Schenker
Wendy Durrwachter
Valeri Popov
Frangis Ali-Sade
Claudia Montero
Theodor Storm
Janet Maguire
Curt Trützschler von Falkenstein
Shakespeare
Ljubica Maric
Tina Ternes
Julius Wolff
BH
Mary Weldon Leahy
CHERNOV
Scherchen-Hsiao, Tona
BH
Harriet Abrams
Ann-Helena Schlüter
Elisabeth Spöndlin
Frangis Ali-Sade
Gitta Steiner
Oxana Omelchuk
Schlünz, Annette
Raimund Schächer
Jeanette Welch
Sofia Kraevska
Catherine Elliott
Maia Aprahamian
Marianna Martines
Luise Greger
Raimund Schächer
Gemma Peacocke
Alice Spatz
Gemma Peacocke
Luise Greger
Suzanne Summerville
Schumann, Clara/ Gannett, Diana
Juliet Palmer
Camille van Lunen
Andrea La Rose
Catherine Elliott
Johann Strauss
Carmen Maria Cârneci
Khayam
Jeanne Colin-De Clerk
Ann-Helena Schlüter
Maria Szreder
Fanny Hensel geb. Mendelssohn
Various
Alice Ping Yee Ho
Alison Nowak
Britta Byström
Vasily Lobanov
Sky Macklay
Frangis Ali-Sade
Barratt, Carol/ Emery, Caroline
Propischin Kolosov, Goryachev, Vulik, Kovulenko, Peresipkin Sokolov, Nefedov, Javmertchik, Sandovskaya, Malov
Florentine Mulsant
Bettine von Arnim
Carmen Maria Cârneci
Kitazume, Yayoi
Oxana Omelchuk
Camille van Lunen
Elaine Fine
Pauline Louise Aubert
Rosemary Clarke
Sarah Kirkland Snider
Shustin Malov
Peg Ahrens
Frangis Ali-Sade
Carmen Maria Cârneci
BH
Elizabeth Brown
K. Notareschi, Loretta
Judith Reher Martin
Gubaidulina, Sofia
Ludwig van Beethoven
Richard Rodney Bennett
Michail Magidenko
Frangis Ali-Sade
Deon Nielsen Price
Hope Lee
Elaine Agnew
Curt Trützschler von Falkenstein
Julius Wolff
Fanny Hensel geb. Mendelssohn
E.-C. Jacquet de La Guerre
Bouchard, Linda
Mazzoli, Missy
Wilhelmine von Bayreuth
Camille van Lunen
Gustav Falke
Ljubica Maric
Silvia Leonor Alvarez de la Fuente
Frangis Ali-Sade
Elaine Dobson
Fanny Hensel geb. Mendelssohn
Gabriella Smith
Barbara Buczek
Luise Greger
Carmen Maria Cârneci
Marianna Martines
Florentine Mulsant
Felicitas Kukuck
Anderson, Beth
Various
Hope Lee
Nicole Philiba
Florentine Mulsant
Gabriele Hasler
George Herbert
Bettine von Arnim
Thomas Larcher
Prokofiev
Stolpner Malov
Sônia Ray
Margrit Schenker
Meng-Chia Lin
Fanny Hensel geb. Mendelssohn
Jeannette La-Deur
Nelson, Sheila M
Rosemary Mountain
Rebecca Clarke
DMITRI SHOSTAKOVICH (arranged by Lera Auerbach)
Theodor Storm
Sylvia Eichenwald
Bettine von Arnim
Aoki Navarro, Fernanda
Sharon E Kanach
Judi Silvano
Michail Magidenko
Rissin
Aeschlimann-Roth, Esther
Ljubica Maric
Sergei Prokofiev (arranged by Lera Auerbach)
Shustin Malov
Sadie Harrison
Margrit Schenker
Ida Becker
Ellen Reid
Mandelstam
Jana Skarecky
Frances Hoad, Cheryl
Kunieda, Harue
Elisabeth Jacquet de La Guerre
Florentine Mulsant
Carmen Maria Cârneci
Sarah Kirkland Snider
H. Gammius
Mandelstam
Kathleen Jamie
Elaine Agnew
Elizabeth Maconchy
Alan Spence
Ann-Helena Schlüter
Montanari, Thais
Aquino, Francisca/Vasconcellos, Ricardo/ Gonzaga, Chinquinha
Carmen Maria Cârneci
Elaine Agnew
Brigitte Gauthier
Jacqueline Maire
Domingues dos Santos, Rita de Cássia
Meng-Chia Lin
Catherine Elliott
Camille van Lunen
Luise Greger
Wilhelmine von Bayreuth
Various
Ida Carroll
Virginia Samuel
Hope Lee
Ann-Helena Schlüter
Fanny Hensel geb. Mendelssohn
Rebecca Pape
Patricia Alessandrini
Tina Ternes
Camille van Lunen
BH
Pauline Viardot-Garcia
Raimund Schächer
Gemma Peacocke
BH
Florentine Mulsant
Kramarchuk, Katerina
Juliet Palmer
Elma Miller
Anna di Venezia Bon
Florentine Mulsant
Frangis Ali-Sade
Sarah Elise Thompson
Blake
Neretin Tosenko Stang Ritalchenko, Lukin, Tkachenko, Znamenskii, Malov
Anna di Venezia Bon
Sadie Harrison
Fanny Hensel geb. Mendelssohn
Ann-Helena Schlüter
BH
Josepha (Josephine) Barbara von Aurnhammer
Friedrich / Bauer / Duis
Deon Nielsen Price
Adrienne Elisha
Fanny Hensel (geb. Mendelssohn)
St John, Kathleen
Caroline Wilkins
Elaine Aberdam
BH
Camille van Lunen
Ursula Görsch
Kathryn Alexander
Mandelstam
Frangis Ali-Sade
Delangle / Delangle
Josepha (Josephine) Barbara von Aurnhammer
Louise de Beaucourt
Mary Elizabeth Chaves
Anderson, Beth
Sky Macklay
Fanny Hensel geb. Mendelssohn
Mette Nielsen
Byström, Britta
Thorspecken / Hacke, Newman / Hurton, Båge / Lundin
Ljubica Maric
Elena Borisova
Juliana Hodkinson
Oxana Omelchuk
Judi Silvano
Hope Lee
Janina Garscia-Gressel
Claudia Montero
Florentine Mulsant
W.A. Mozart
BH
Maja S K Ratkje
Leo Heller
Mountain, Rosemary
Meng-Chia Lin
Clara Schumann (arranged by Diana Gannett)
Welch, Jeanette
Rupert Larl
Mandelstam
Jack Lawson
Raimund Schächer
Anderson, Beth
Elliott, Catherine
Meng-Chia Lin
Popov / Bochkov
Frances Hoad, Cheryl
Britta Byström
Ljubica Maric
Fanny Hensel geb. Mendelssohn
Inez S. McComas
Grete Von Zieritz
Dorothy Smith Dushkin
Tiboni
Kozeluhová, Jitka
Christine Burke
Katerina Kramarchuk
Joyce, Mary Ann
Jacqueline
Tina Ternes
Peter Herbert
Kulenty, Hanna
Malikian
Florentine Mulsant
Unknown Composer (arrangements)
Catherine Smet
Silvia Borzelli
Angela Schofield
Volness, Kirsten
Marcus, Bunita
Urteaga, Irma
Aquino, Francisca/ Gonzaga, Chiquinha
Deon Nielsen Price
Rachel Stott
Monighetti
Mazzoli, Missy
Fanny Hensel geb. Mendelssohn
Gabriele Hasler
Aubert, Pauline Louise Henriette
Nowak, Alison
Myriam (Lucia) Marbé
Sofia Scheps
Day, Susan H.
George Herbert
Monic Cecconi
Brandman, Margaret Susan
Magidenko, Olga
Diana Gannett/Clara Schumann
Fox, Erika
Raphaèle Biston
Christine Donkin
Ludmila Yurina
Lauren Bernofsky
Emely Zobel
Tina Ternes
Anderson, Beth
Dorothy Buchanon
Dmitri Smirnov
Florentine Mulsant
Betsy Soukup
Sheila M. Nelson, Catherine Elliott
Dmitri Shostakovich
Julia Purgina
Various Composers
Valerie Albright
BH
Silvia Borzelli
Inge Latz
Catherine Elliott
Katarzyna Brochocka
Margrit Schenker
Hope Lee
Kate Waring
MAMLOK
Malov
Diamond, Arline
Judi Silvano
Waring, Kate
E.-C. Jacquet de La Guerre
Brys, Isabelle
Tina Ternes
Baker, Rauchs, Staer, Le Guay, Paciarello
Saariaho, Kaija
Ljubica Maric
Isabel Moretón Achsel
Berger / Gubaidulina / Suslin / Eppinger / Ohar / Garcia / Choi / Hwang / Zhang
Julia Schwartz
Florentine Mulsant
ZOBEL, EMELY (1964-1996)
Richer, Jeannine
Natalia Domínguez Rangel
Diana R. Green
Silvia de Lucca
ZOBEL, EMELY (1964-1996)
Fanny Hensel geb. Mendelssohn
Victoria Malawey
de Saram Schroeder
Richer, Jeannine
Raimund Schächer
Outi Tarkiainen
Katrina Gordon
Edison Denisov, Alfred Schnittke, Sofia Gubaidulina, Gennadi Rozhdestvensky
Pauline Viardot-Garcia
BH
Mary Even-or
Sadie Harrison
Larisa Vrhunc
Fanny Hensel geb. Mendelssohn
Gordon, Katrina
PROKOFIEV
Dosia McKay
Babette Koblenz
Meng-Chia Lin
Griebling-Haigh, Margaret Ann
Anna Ritter
Margaret Schedel
Misurell-Mitchell, Janice
George Herbert
Fanny Hensel (geb. Mendelssohn)
Sylvia Bergen
Cheng, Michele
Dmitri Shostakovich
Florentine Mulsant
Carla Huston Bell
Mary Rae
Fanny Hensel (geb. Mendelssohn)
Alice Spatz
Margaret Susan Brandman
Sofia Kraevska
Ursula Gut
Ljubica Maric
Lara, Ana
Biston, Raphaèle
Heredia, Carolina
Sergei Prokofiev
Catherine Elliott
Ho, Alice Ping Yee
Silvia Borzelli
Margarethe Thulcke
Mette Nielson
Barbara Lally Pentland
Diana Gannett
Elizabeth (Liz) Lane
Various Composers
Lann, Vanessa
Sadie Harrison
Hope Lee
Judi
Alvear, Maria de
Clarke, Rosemary
Thomas Le Brocq
Mette Nielsen
Caroline Thon
Michael Lee
Nosikova
Deena Grossman
Susan Cahill
Julie Cleveland
Florentine Mulsant
BH
Lydia Dempsey
Beiser Oldfather
CAROLINE THON
Friedrich Eggers
Sadie Harrison
Arline Diamond
Elaine Fine
Rudolf Baumbach
Jeannine Richer
Villanueva, María Cecilia
Rosemary Clarke
Hope Lee
SHOSTAKOVICH
Auerbach
Meng-Chia Lin
Dmitri Shostakovich
Jeannine Richer
Scottish Traditional
Wys, Margaret, De
Margaret De Wys
Silvia de Lucca
Camille van Lunen
Imogen Clare Holst
Amy Knoles, Robert Black
Clearfield, Andrea
Snezana Nesic
BH
Durrwachter, Wendy
Judith Bailey
Griebling-Haigh, Margaret Ann
Clara Wieck-Schumann
Hope Lee
Frederikke Egeberg
Ellen R. Harrison
Sadie Harrison
Cahill, Susan
Sikora-Rogulska, Elżbieta
Sr. Leonore Jenny
Richer, Jeannine
Ann-Helena Schlüter
Makdissi-Warren, Katia
Raimund Schächer
Patterson, Andra
Luise Greger
Louise Alenius
Florentine Mulsant
Robert, Lucie
Susan Cahill
Dinescu, Violeta
Isobel Dunlop
Fago
Rita de Cássia Domingues dos Santos
DMITRI SHOSTAKOVICH
Mary Ellen Childs
Aquino, Francisca/Vasconcellos, Ricardo
Panufnik, Roxanna
Various (Collection)
Epstein, Marti
Heinze
Hope Lee
Felicitas Kukuck
PYOTR TCHAIKOVSKY
Jeanette Bürde
Katherine Balch
Andrea Csollány
Þorkelsdóttir, Mist
Marianna Martines
Magalhaes, Michelle Agnes
LEE, HOPE
Maja S. K. Ratkje
Julia Maria Morrison
Elena Mendoza
Marianna Martines
Eve Castro-Robinson
Sleeth, Natalie
Silvestrini, Roberta
Rezende, Marisa
Aarne, Els
Lann, Vanessa
Gwyneth van Anden Walker
Guzzo, Anne M.
Elliott, Catherine
Mary Ellen Childs
Domínguez Rangel, Natalia
Gabriele Hasler
Willi Schlumberger
Rabelo, Thais
Maja S K Ratkje
Elisabeth Amandi
Amy Williams
Francisca Aquino
Louie, Alexina/Mozutich, Marjan
BH
Barbara London
Carroll Ida
Alice Spatz
Mara Gibson
Esther Petit
Briggs, Nancy Louise
Amalia, Anna Princess of Prussia
Theodor Storm
Goldberg, Anne H.
Frances White
Florentine Mulsant
Wallace Stevens
BH
Ahrens, Peg
Eleonora Grzondziel
Mracek, Ann Michelle
Szönyi, Erzsébet
Juliet Palmer
Sofia Gubaidulina/Friedrich Lips
George Herbert
Jeannine Richer
Leiferkus Fletcher Bohling. Hultmark Powell · Cole · Stephenson
Marianna Martines
Frangis Ali-Sade
Kulenty, Hanna
Maja S. K. Ratkje
Alice Ping Yee Ho
Sarah Hopkins
Juliet Palmer
Mozart
Deborah Mason
Gitta Steiner
Elizabeth Maconchy
Florentine Mulsant
Sadie Harrison
Harrison, Sadie
Léandre, Joëlle
Montanari
Rachel Amelia Eubanks
Aarne, Els
Viktoria E. Kaunzner
Jenny Olivia Johnson
Katia Tchemberdji
Walker, Gwyneth van Anden
Tina Ternes
SCHORR, EVA (1927–2016)
Schmidt, Mia
Fago
Petra Bachratá
ASTOR PIAZZOLLA
Ho, Alice Ping Yee
Schroeder
Emely Zobel
Raimund Schächer
Myriam (Lucia) Marbé
Ruehr, Elena
Edith Canat de Chizy
Spatz, Alice, arr.
Roberta Silvestrini
Teresa LeVelle
Silvia Lucca
Cheryl Frances Hoad
Olivia Johnson, Lorna
Farrenc, Louise
Florentine Mulsant
Sanguesa, Iris
Alice Spatz
Dmitri Shostakovich
Hope Lee
Tina Ternes
Luiz Gonzaga
Dinescu, Violeta
Roberta Silvestrini
Aquino, Francisca/Vasconcellos, Ricardo
Martha Coleman
Julie Mandel
Wolfgang Amadeus Mozart
Burke, Christine
Katarzyna Brochocka
Carmen Maria Cârneci
Claudia Montero
Mia Schmidt
Capdeville, Constança
Margaret S. Brandman
Kirsten Volness
Anette von Droste-Hülshoff
Harrison, Sadie
Wang, Qiang
Danielle Williams
Jeanne Colin-De Clerk
Sylvia Rickard
Dmitri Shostakovich
Hope Lee
Thais Rabelo
Laura Schwartz
Josephine Stephenson
Alice Spatz
Dmitri Shostakovich (arranged by Lera Auerbach)
Christina Rossetti
Oblak, Jerica
Samantha Wolf
Florentine Mulsant
McCombe, Christine
Anna Arkushyna
Raum, Elizabeth
Kirsten Volness
Anna Amalia von Braunschweig-Wolfenbüttel
Deena Grossman
Maja S. K. Ratkje
Elżbieta Sikora-Rogulska
Juliana Hodkinson
Griebling-Haigh, Margaret Ann
Ann-Helena Schlüter
Mara Gibson
Frangis Ali-Sade
Collins Stoop, Margaret
Bekah Simms
Weir
Rodrigue, Nicole
Thais Rabelo
Unknown Composer (arrangements)
Wilhelmine von Bayreuth
Frangis Ali-Sade
Hope Lee
Various Composers
Scheps, Sofía
Angelica Negrón
Camille van Lunen
Mandelstam
Margaret Ann Griebling-Haigh
Dorothea Franchi
Gabriella Smith
Ziffrin, Marilyn J.
Francisca Aquino with Ricardo Vasconcellos
H. Rösing
Katherine Balch
Katia Makdissi-Warren
Alice Spatz
Arline Diamond
Yu Fujiwara
Florentine Mulsant
Ida Pettersen
Berstad, Ragnhild
Escot, Pozzi
Mary Lou Newmark
Komschlies, Chelsea
Margaret S. Brandman
Anna di Venezia Bon
TINA TERNES
Susan Cahill
Dorothy Ker
Fanny Hensel geb. Mendelssohn
Carmen Maria Cârneci
Abe, Kyoko
McComas, Inez S.
Elliott, Catherine
Sharon Richardson
Dmitri Schostakowitsch
Babette Koblenz
Roe, Betty
Esther Wallach Crane
Hope Lee
Fanny Hensel geb. Mendelssohn
Gordon, Katrina
Jovanka Trbojević
Dmitri Shostakovich
ZOBEL, EMELY (1964-1996)
Elisabeth von Herzogenberg
Ljubica Maric
Anna Arkushyna
La Rose, Andrea
Morehead, Patricia
Meng-Chia Lin
Bergen, Sylvia
Olive
Sibylle Pomorin
Dmitri Shostakovich (arranged by Lera Auerbach)
Aquino, Francisca
Dorothy Smith
Francisca Aquino / Chiquinha Gonzaga
Florentine Mulsant
Caroline von Egloffstein
Rosemary Clarke
Newman/Hurton
Anahita Abbasi
Frances Hoad
Cassie Wieland
Patricia Morehead
Samuel, Rhian
Judi Silvano
Gabriele Hasler
Theodor Storm
Sadie Harrison
Regine Brunke
Cathy Applegate
Hovda, Eleanor
Rose Strauß
Christina Rusnak
Tona Scherchen-Hsiao
Derzhavin
Frangis Ali-Sade
Caroline Thon
LeBaron, Anne
Isabelle Brys
Rostropovich, Lubimov
Zakrzewska - Nikiporczyk, Barbara Maria
MAGIDENKO, OLGA
Various
Amy Marcy Beach
Deena Grossman
Hope Lee
Michail Glinka
Deena Grossman
Helga Arias
Alissa Roosa (Shuster)
Esther Aeschlimann-Roth
Regine Brunke
Dare, Marie
Ida Carroll
Viera Janáčeková
ZOBEL, EMELY (1964-1996)
Zakrzewska - Nikiporczyk, Barbara Maria
Peacocke, Gemma
Ho, Alice Ping Yee
Hovda, Eleanor
Lea Bertucci
Luise Greger
Marshall, Pamela J.
Worthington, Rain
Melanie Meierhans
Maja S K Ratkje
Maja S. K. Ratkje
Margery Dawe, Catherine Elliott
Lockwood, Annea
McDowall, Cecilia
JUDITH WEIR
Florentine Mulsant
Carl Busse
Joanna Stepalska-Spix
Zoon Oostendorp
Catherine Elliott
Murakumo, Ayako
Katrina Gordon
Diana Cemeryte
Beth Wiemann
Grete Von Zieritz
Inti Figgis-Vizueta
Viking Eggeling
Fanny Hensel geb. Mendelssohn
Valéria Bonafé
Catherine Elliott
Morrison, Julia Maria
Theresia Schlechtriem
ZOBEL, EMELY (1964-1996)
Florentine Mulsant
Gonzaga, Luiz
Amalia, Anna Princess of Prussia
Florentine Mulsant
Alcalay, Luna
Katerina Pinosová-Ruzicková
Fanny Hensel geb. Mendelssohn
Diana Cemeryte
Rosemary Mountain
Isobel V.S. Dunlop
Hasspacher, Margaret
Rodgers, Sarah
Smith, Gabriella
Sarah Kirkland Snider
Ferlenghetti
Katrina Gordon
Sally Reid
Alice Ping Yee Ho
Depelsenaire, Jean-Marie
Schwartz, Laura
Deon Nielson Price
Carroll Ida
Babette Koblenz
Margaret S. Brandman
Carcas, Gila (Gillian)
Alice Spatz
Barbara London
Christine Elise Chen
Gabriele Hasler
Florentine Mulsant
Camille van Lunen
Christine McCombe
Emely Zobel
Wiemann, Beth
Hayakawa, Kazuko
Wendy Durrwachter
Sharon Kanach
Cheryl Frances Hoad
Carroll Ida
Clarke, Rosemary
Ferlenghetti
Purgina, Julia
Lauree H. Palmer
Janice Misurell-Mitchell
Wendy Dickinson
Margaret Susan Brandman
Elena Mendoza
Anna Princess of Prussia Amalia
Aeschlimann-Roth, Esther
Elisabeth Jacquet de La Guerre
Roosa (Shuster), Alissa
Gabriele Hasler
Florentine Mulsant
Elizabeth Brown
Beth Wiemann
Betsy Warren
Martin, Judith Reher
Silvia Borzelli
Gabriele Hasler
Mary Rae
Margery Dawe; Catherine Elliott
Kitazume, Yayoi
Kossoyan Tchinakov • Stang · Liskovich · Dukor · Soakov Snamenski Karandashova
Lissa Meridan
Nancy Louise Briggs
Susan Fisher
Ammon Hope
Amanda Feery
James Pierpont; Catherine Elliott
Nancy Norton
Camille van Lunen
Stacy Garrop
Jeannine Richer
Viera Janáceková
J. Hernandez
Friedrich / Duis
Silvano, Judi
Marianna Martines
Mary Weldon Leahy
Ida Carroll
Ahrens, Peg
Kulenty, Hanna
Maddalena Laura Lombardini Sirmen
Sarah Hopkins
Dorothy Williams
W. A. Mozart
Cleveland, Julie
Christina Rusnak
Florentine Mulsant
Judith Bailey
Rosemary Clarke
Elizabeth Maconchy
Gaelen McCormick
Alan Spence
Tiboni
Saariaho, Kaija
Cassie Wieland
Þorkelsdóttir
Christine Burke, Jean François Charles
BH
Michelle Agnes Magalhaes
Wennäkoski, Lotta
Margaret S. Brandman
ZOBEL, EMELY (1964-1996)
Elena Cattini
ZOBEL, EMELY (1964-1996)
Catherine Elliott/Gabriel-Marie
Hays, Sorrel, pseudonym of Doris Ernestine
Diana Cemeryte
Tamar Diesendruck
Snížková, Jitka
Various (H. Rösing, Martin Jentsch, Paul Wolf, Vulpius, Luise Greger)
Florentine Mulsant
Þorkelsdóttir, Mist
Luise Greger
Montanari, Thais
Barbara Martyska
Pentland, Barbara Lally
Margery Dawe
Juliet Palmer
Beths de Boer de Leeuv
Amy Marcy Beach
Katarzyna Brochocka
Frangis Ali-Sade
Lea Bertucci
Richard Rodney Bennett, Michael Berkeley, Diana Burrell, Anthony Burton, Peter Manwell Davies, Jonathan Dove, Stephen Johns, Thea Musgrave, Tarik O'Regan, Anthony Payne, Judith Weir
Rudolf Baumbach
Florentine Mulsant
Bohling Tindale, Fletcher, Muszaros, Tombling Iwabucchi Cole, Stephenson
BH
Szeto, Caroline
Helge Jörns
Johanna Magdalena Beyer
Margaret S. Brandman
Harriet Abrams
Aubin, Francine
Jeanette Welch
Jeannine Richer
Annika Socolofsky
Traditionell
Regine Brunke
Soudere, Valerie
Monic Cecconi
Luise Greger
Marianna Martines
Alice Spatz
Nelson, Sheila M.; Elliott, Catherine
Raum, Elizabeth
Francisca Aquino
Margaret Susan Brandman
Karen Campbell
Harue Kunieda
Katia Makdissi-Warren
Sikora-Rogulska, Elżbieta
Sutherland, Margaret and Esther Rofe
Gila (Gillian) Carcas
Soulage, Marcelle
Katia Tchemberdji
ZOBEL, EMELY (1964-1996)
Raimund Schächer
Gottfried Hertel
Worthington, Rain
Rabelo, Thais
Mary Weldon Leahy
Cathy Applegate
Patricia Morehead
Kirsty Beilharz
E.-C. Jacquet de La Guerre
J. S. Bach
Frangis Ali-Sade
Curt Trützschler von Falkenstein
Tsenova, Julia
Raimund Schächer
BH
Raimund Schächer
Cecconi, Monic
Florentine Mulsant
Martha Goedel
W.A. Mozart
Katrina Gordon
Valéria Bonafé
Judi Silvano
Mary Weldon Leahy
Spatz, Alice
WEN-HUI TU (*1964)
Magalhaes, Michelle Agnes
Thais Rabelo
Hannah Ishizaki
Roderburg / Roderburg, Herz / Salmen-Weber, Bodecchi / Baldi
Dare, Marie
Maja S. K. Ratkje
Carmen Maria Cârneci
Elaine Agnew
Anna Amalia Herzogin von Sachsen-Weimar-Eisenach
Florentine Mulsant
Elliott, Catherine
Florentine Mulsant
Valéria Bonafé
Walter Flex
Elliott, Catherine; Gabriel-Marie
ZOBEL, EMELY (1964-1996)
Tsenova, Julia
Tatiana Smirnova
BH
Luise Greger
Ritter / Osten / Heinzmann / Barner
Fanny Hensel (geb. Mendelssohn)
Francisca Aquino (arranger), Chiquinha Gonzaga (original composer)
GLINKA
Carmen Maria Cârneci
Richer, Jeannine
Marcela Rodriguez, Diana
Alwine Wuthenow
Saariaho, Kaija
Baldi / Caputi / Putrino / Lai
Alice Spatz
Michele Cheng
LeVelle, Teresa
Virginia Conlon
Karpman, Laura
Susanne Erding Swiridoff
Lauren Bernofsky
Regine Brunke
Frances Hoad, Cheryl
Mandelstam
Joyce E. Orenstein
Ann-Helena Schlüter
Michele Cheng
Anna Amalia Herzogin von Sachsen-Weimar-Eisenach
Ellen Reid
Gibson, Mara
Katherine Balch
Arnold Schönberg
Mia Schmidt
Kooistra Denyer
Valerie Albright
Diana Čemerytė
Susan H. Day
Lucca, Silvia
Mia Schmidt
Sofia Gubaidulina (joint composition with Marek Kopelent and Paul-Heinz Dittrich)
Thea Musgrave, Judith Weir, Georgia Rodgers, Hilary Tann, Laura Bowler, Amy Beach
Margaret Susan Brandman
Tina Ternes
Rabelo, Thais
Hope Lee
Luise Greger
Kazuko Hayakawa
Catherine Elliott
Anna Pidgorna
Sönmez, Defne
Beilharz, Kirsty
Francisca Aquino/Chiquinha Gonzaga
Bruni Regenbogen
Carolina Heredia
Various
Even-or, Mary
Gina Biver
Katarzyna Bortkun-Szpotanska
Elliott, Catherine
Ida Pettersen, Agnes
Ivashkin, Pergamenshikov, Wietheger, Langot
Lucie Robert
Rebekah Griffin
Florentine Mulsant
Florentine Mulsant
Maria Teresa d'Agnesi Pinottini
Ann Michelle Mracek
Schedel, Margaret
Laura Owens
Dinescu, Violeta
Hope Lee
Clara Schumann, arr. by Diana Gannett
Judith Bailey
Jenna Lyle
Fanny Hensel geb. Mendelssohn
Various
Roe, Betty
Ptaszynska, Marta
Smirnova, Tatiana
Elena Mendoza
Mary Elizabeth Chaves
Inez S. McComas
Silvia Borzelli
Florentine Mulsant
Wendy Durrwachter
Sorg-Rose, Margarete
Aberdam, Elaine
Jack Lawson
Hilda Pires dos Reis
Florentine Mulsant
Florentine Mulsant
Florentine Mulsant
Unknown Composer
E.-C. Jacquet de La Guerre
Luise Greger
Judith Bailey
Finzi Graciane
van Vliet Konink · Denyer · Meeuwsen
SCHWEIKERT, MARGARETE (1887-1957)
Vassiliev Malov
Ayako Murakumo
Isobel V.S. Dunlop
Stark / A. Suslin / Pescia / Saito
Florentine Mulsant
Rachel Amelia Eubanks
Hope Lee
Luise Greger
Malov
EDISON DENISOV
Catherine Elliott
Beths de Leeuw
James Pierpont; Catherine Elliott
Anna Amalia Herzogin von Sachsen-Weimar-Eisenach
Irina Roerig (based on works by Franghiz Ali-Zadeh)
Hasspacher, Margaret
Heredia, Carolina
Fanny Hensel geb. Mendelssohn
Anette von Droste-Hülshoff
Josephine Stephenson
Michail Magidenko
Lulu v. Strauss u. Torney
Camille van Lunen
Florentine Mulsant
Valéria Bonafé
Elizabeth Brown
Hope Lee
Silvano, Judi
Maja S. K. Ratkje
Florentine Mulsant
Margaret Ann Griebling-Haigh
Dmitri Smirnov, Elena Firsova, Alissa Firsova
Hope Lee
Mia Schmidt
Yi Xu
Iwaonka B. Szymanska
Thais Montanari
Mary Elizabeth Chaves
Petra-Basacopol, Carmen
Johann Sebastian Bach
Florentine Mulsant
Josephine Stephenson
Christine Donkin
Diana Arismendi
Dawe, Margery; Elliott, Catherine
Laura Schwartz
Mandelstam
Rosemary Duxbury
Diana Gannett
Spöndlin, Elisabeth
Luise Greger
Mia Schmidt
Tsoupaki, Calliope
Wendy Durrwachter
Karen Campbell
Eva Manthe-Wahl
Marianna Martines
Various Composers
Florentine Mulsant
Capdeville, Constança
Margaret S. Brandman
W. A. Mozart
Adrienne Albert
Ruehr, Elena
Stepalska-Spix, Joanna
Margi Griebling-Haig
TINA TERNES
Stacy Garrop
ZOBEL, EMELY (1964-1996)
Anna Amalia, Princess of Prussia
Elaine Dobson
Tatyana Pavlovna Sergeyeva
Stepalska-Spix, Joanna
Luise Greger
Price, Deon Nielsen
Fanny Hensel geb. Mendelssohn
Les Reines Prochaines
Omelchuk, Oxana
Luise Greger
Fanny Hensel geb. Mendelssohn
Frangis Ali-Sade
Rosa (Franco), (Maria) Clotilde
Ann-Helena Schlüter
Kirsty Beilharz
Tina Ternes
Florentine Mulsant
Viktoria E. Kaunzner
Carmen Maria Cârneci
Brandman, Margaret Susan
Tina Ternes
Amy Marcy Beach
Negrón, Angelica
Carla Huston Bell
Cheryl Frances Hoad
Sherilyn Gain Fritz
Various (Collection)
Di Biase Bidart, Lycia
Valéria Bonafé
Mandelstam
Jovanka Trbojević
Sharon Kanach
Alice Spatz
Katherine Balch
Louise Alenius
Mary Wright
Ludwig van Beethoven
Ellen Reid
Grete Von Zieritz
Luise Greger
Margaret Griebling-Haigh
Wallace Stevens
Silvia de Lucca
Johann Sebastian Bach
Lorusso, Giulia
Sato Matsui
Margarethe Thulcke
Hilda Pires dos Reis
Sadie Harrison
Amy Bormet
Richer, Jeannine
Klee
Luise Greger
Harriet Abrams
Christina Rossetti
Florentine Mulsant
Barbara Niewiadomska-Michaowicz
Anna Amalia von Braunschweig-Wolfenbüttel
Joanna Stepalska-Spix
Johanna Magdalena Beyer
Rosemary Mountain
Josephine Aurnhammer
Dempsey, Lydia
Dmitri Shostakovich (arranged by Lera Auerbach)
Baldi / Caputi / Putrino / Lai / Lenzi / Macchiavelli / Cirenei
Badian, Maya
Ljubica Maric
Andra Patterson
Jeannine Richer
Gabriele Hasler
BH
Nosikova, Kalman
Ljubica Maric
Aquino, Francisca; Vasconcellos, Ricardo
Anna Ritter
Francine Aubin
Yayoi Kitazume
Michele Cheng
Catherine Elliott
Luise Greger
Ann Michelle Mracek
Lund, Gudrun
Victoria Malawey
Meng-Chia Lin
Lycia Di Biase Bidart
Jeanette Welch
Gabriele Hasler
Susan Cahill
Jean-Marie Depelsenaire
Frances White
Mary Ellen Childs
Marcelle Soulage
Margaret Collins Stoop
Tamar Diesendruck
Esther Aeschlimann-Roth
Frances Hoad, Cheryl
Katia Makdissi-Warren
Outi Tarkiainen
John Neumeier
Claudia Montero
Roe, Betty
E.-C. Jacquet de La Guerre
Julia Maria Morrison
ZOBEL, EMELY (1964-1996)
Wiemann, Beth
McDevitt, Megan
Betsy Soukup
Diana Gannett
Diana Rotaru
Valerie Soudere
Ginsberg, Debra Lynn
Camille van Lunen
Die namenlosen Fraue
Deon Nielson Price
Mette Nielson
Florentine Mulsant
Baldi, Caputi, Putrino, Lai, Lenzi, Macchiavelli, Cirenei
Auerbach, Lera
Bottelier, Ina/Heinrich Heine
Schofield, Angela
Sorrel Hays (aka. Doris Ernestine)
Heredia, Carolina
Raphaèle Biston
Ore, Cecilie
Borzelli, Silvia
de Leeuw
Alina Piechowska-Pascal
Kathleen Jamie
Koblenz, Babette
A Lady of Fashion
Maria Theresia Elisabeth Ahlefeldt
E. E. Cummings
Kim Diehnelt
Elliott, Catherine
Thais Montanari
Various
Unknown Composer
Elżbieta Sikora-Rogulska
Edith Canat de Chizy
Moszumańska-Nazar, Krystyna
Lauber, Anne
Elizabeth Maconchy
Alvear, Maria de
Raimund Schächer
Sadie Harrison
Deon Nielsen Price
Britta Byström
Cassie Wieland
Sharon E. Kanach
Ethel Mary Smyth
Alice Spatz (arranger)
Sky Macklay
Sadie Harrison
Nosarev
Heinze, Roccato
Mara Gibson
Cheryl Frances Hoad
Gordon, Katrina
Judith Weir (arrangement of Richard Wagner)
Griebling-Haigh, Margaret Ann
Wilhelmine von Bayreuth
Christine Humphries
Hannah Ishizaki
Judi Silvano
NYX
Josephine Aurnhammer
Susan Elizabeth Owens
Valerie Albright
Hanne Darboven
Piechowska-Pascal, Alina
CAROLINE THON
Dorothy Smith Dushkin
Colin-De Clerk, Jeanne
Margaret Collins Stoop
Cathy Applegate
Julia Purgina
Johannes X. Schachtner (arranger)
Ina Bottelier
CÂRNECI, CARMEN MARIA
Gubaidulina, Sofia
Emely Zobel
Judith Bailey
Pasternak
Ljubica Maric
Agnew, Elaine
Frangis Ali-Sade
Jeannine Richer
Ayako Murakumo
Florentine Mulsant
BH
ZEYLANOVA, KHADIJA (*1975)
W.A. Mozart
Meng-Chia Lin
Fanny Hensel geb. Mendelssohn
Chelsea Komschlies
Cesco
J.S. Bach
Gaelen McCormick
Amy Marcy Beach
Gubaidulina
Alice Spatz
Natalie Sleeth
Inti Figgis-Vizueta
Cheryl Frances Hoad
Elizabeth Maconchy
Gubaidulina
Big Mac
Carmen Maria Cârneci
Judith Weir & Jonathan Dove
Maddalena Laura Lombardini Sirmen
Margrit Schenker
Hindman, Dorothy
Reis, Hilda (Pires dos)
Simons
Wendy Durrwachter
Helga
Clarke, Rosemary
Haefliger, Baker, Rauchs, Staer, Le Guay
Valeri Popov
Frangis Ali-Sade
SHOSTAKOVICH
Southworth, Christine
Gluzman
Claudia Montero
Wiemann, Beth
Þorkelsdóttir, Mist
SHOSTAKOVICH
Claudia Montero
Michelle Magalhaes
Theodor Storm
Florentine Mulsant
Janet Maguire
Curt Trützschler von Falkenstein
Shakespeare
Ljubica Maric
Florentine Mulsant
Tina Ternes
Miyake, Haruna
Julius Wolff
Peacocke, Gemma
BH
Mary Weldon Leahy
Gluzman
Sorrel Hays (pseudonym of Doris Ernestine)
CHERNOV
Frangis Ali-Sade
Lann, Vanessa
Scherchen-Hsiao, Tona
BH
Harriet Abrams
ZOBEL, EMELY (1964-1996)
Stott, Rachel
Ann-Helena Schlüter
Elisabeth Spöndlin
Frangis Ali-Sade
Gitta Steiner
Malov
Oxana Omelchuk
Schlünz, Annette
Beth Wiemann
Giraud, Suzanne
ZOBEL, EMELY (1964-1996)
Barbara London
Yakovenko
Hope Lee
W. A. Mozart
Giulia Lorusso
Robert Bridges
Schmidt, Mia
Johnson, Jenny Olivia
Raimund Schächer
Unknown Composer
Carol Barnett
George Herbert
Jeanette Welch
Margaret Hasspacher
Ina Bottelier
Sofia Kraevska
Lisa Bost-Sandberg
Jovanka Trbojević
Léandre, Joëlle
Eleonore Oppenheim
Bond, Victoria
Catherine Elliott
Maia Aprahamian
Dmitri Smirnov
Rachel Stott
Tina Ternes
Ayako Murakumo
Marianna Martines
Sr. Leonore Jenny
Carolyn O'Brian
Luise Greger
Clara Wieck-Schumann
Raimund Schächer
Gemma Peacocke
Alla Pavlova-Nevler
Bell, Carla Huston
Ragnhild Berstad
Alice Spatz
LIN, MENG-CHIA
Frangis Ali-Sade
Silvia Lucca
Christina Rossetti
Gemma Peacocke
Luise Greger
Suzanne Summerville
Larsen, Libby
Schumann, Clara/ Gannett, Diana
Frances Hoad, Cheryl
Erzsébet Szönyi
Juliet Palmer
TINA TERNES
Camille van Lunen
Andrea La Rose
Ina Bottelier/Heinrich Heine
Frances White
Catherine Elliott
Grace M. Bolen
Rachel Stott
Johann Strauss
Carmen Maria Cârneci
Farrenc, Louise
TINA TERNES
Katarzyna Brochocka
Britta Byström
CÂRNECI, CARMEN MARIA
Khayam
Jeanne Colin-De Clerk
Ann-Helena Schlüter
Maria Szreder
Fanny Hensel geb. Mendelssohn
Edith Canat de Chizy
Williams, Amy
Various
SHOSTAKOVICH
Esther Aeschlimann-Roth
Alice Ping Yee Ho
Alison Nowak
Britta Byström
Vasily Lobanov
Sky Macklay
Hope Lee
Dmitri Shostakovich (arranged by Lera Auerbach)
Kristin Korb
Nadia Boulanger/Lucas Drew
Iva Bittová
Chernov
Frangis Ali-Sade
Adrienne Elisha
Barratt, Carol/ Emery, Caroline
Stacy Garrop
Styffe
Margaret Ann Griebling-Haigh
Propischin Kolosov, Goryachev, Vulik, Kovulenko, Peresipkin Sokolov, Nefedov, Javmertchik, Sandovskaya, Malov
Florentine Mulsant
Helge Jörns
Amy Knoles and Robert Black
Bettine von Arnim
Carmen Maria Cârneci
W. A. Mozart / Lera Auerbach
Sabrina Peña Young
Kitazume, Yayoi
Frangis Ali-Sade
Maria Bonzanigo
Ziffrin, Marilyn J.
Oxana Omelchuk
Camille van Lunen
Elaine Fine
Frances White
Pauline Louise Aubert
Rosemary Clarke
Sarah Kirkland Snider
Elizabeth Brown
Dmitri Shostakovich
Shustin Malov
Peg Ahrens
BH
Kyoko Abe
Rebekah Driscoll
Wendy Dickinson
Tsoupaki, Calliope
Frangis Ali-Sade
Christine Southworth
Carmen Maria Cârneci
Burke, Christine
Suzanne Lieberson
Beat, Janet
Carolina Heredia
Jessica Meyer
Florentine Mulsant
Weir
BH
Krausas, Veronika
Harrison, Sadie
Elizabeth Brown
Margaret Griebling-Haigh
Oliveros, Pauline
SHOSTAKOVICH
K. Notareschi, Loretta
Judith Reher Martin
Judith Weir, Jonathan Dove
Gubaidulina, Sofia
Ludwig van Beethoven
Richard Rodney Bennett
Michail Magidenko
Frangis Ali-Sade
Deon Nielsen Price
Hope Lee
Kirsten Volness
Barkowski, Schlichte, Heinze
Roe, Betty
Bond, Victoria
Elaine Agnew
Curt Trützschler von Falkenstein
Silvestrini, Roberta
WEN-HUI TU
Capdeville, Constança
Julius Wolff
Fanny Hensel geb. Mendelssohn
E.-C. Jacquet de La Guerre
Bouchard, Linda
Alice Spatz
Monic Cecconi
Mazzoli, Missy
Wilhelmine von Bayreuth
Camille van Lunen
Gustav Falke
Marshall, Pamela J.
Ljubica Maric
Silvia Leonor Alvarez de la Fuente
Raphaèle Biston
Frangis Ali-Sade
Friedrich / Bauer / Mester
Dierdre Kry
Elaine Dobson
Agnes Ida Pettersen
Fanny Hensel geb. Mendelssohn
Gila (Gillian) Carcas
Gabriella Smith
Imogen Clare Holst
Francisca Aquino
Barbara Buczek
Luise Greger
Alice Spatz
Elise Chen, Christine
Bedleem, Heinze, Schlichte, Bova, Ceccarelli, Caggiano
Samuel, Virginia
Dmitri Shostakovich
Shakespeare
Aznavoorian, Auerbach
Carmen Maria Cârneci
Meridan, Lissa
Marianna Martines
Andra Patterson
Yayoi Kitazume
Francisca Aquino with Ricardo Vasconcellos
Florentine Mulsant
Spatz, Alice
Felicitas Kukuck
Francisca Aquino, Ricardo Vasconcellos, Chinquinha Gonzaga
Sierra, Arlene
Elliott, Catherine
Margaret Susan Brandman
Anderson, Beth
Monica Houghton
Various
W.A. Mozart
Hope Lee
Nicole Philiba
Florentine Mulsant
Gabriele Hasler
Carolina Heredia
Anna di Venezia Bon
George Herbert
Bettine von Arnim
TINA TERNES
Thomas Larcher
Pagh-Paan, Younghi
Prokofiev
Stolpner Malov
Unknown Composer (arrangements)
Sônia Ray
Pauline Louise Henriette Aubert
Janice Misurell-Mitchell
Outi Tarkiainen
Johanna Matikainen
Tucker Rhoda, Janice
Margrit Schenker
Meng-Chia Lin
Tatiana Smirnova
Tina Ternes
Imogen Clare Holst
Kim Diehnelt
Sarah Hopkins
Fanny Hensel geb. Mendelssohn
Jeannette La-Deur
Aeschlimann-Roth, Esther
Schmitt
Johanna Magdalena Beyer
Young, Nina C.
Nelson, Sheila M
Heinze / Gneiting
Rosemary Mountain
Britta Byström
Þorkelsdóttir, Mist
Judith Bailey
Louise Alenius
CÂRNECI, CARMEN MARIA
Rebecca Clarke
DMITRI SHOSTAKOVICH (arranged by Lera Auerbach)
Theodor Storm
Mary Ann Joyce
Emely Zobel
Loretta K. Notareschi
Sylvia Eichenwald
Bettine von Arnim
Aoki Navarro, Fernanda
Sharon E Kanach
Judi Silvano
Kim Lill' Diehnelt
Ishizaki, Hannah
Carolyn O'Brian
David Wordsworth (arranger)
Michail Magidenko
Radigue, Éliane
Christine Southworth
Esther Aeschlimann-Roth
Rissin
Aeschlimann-Roth, Esther
St Francis of Assisi
Malov
Vorlová, Sláva [Miroslava Johnová], pseudonym Mira Kord
Ljubica Maric
Sergei Prokofiev (arranged by Lera Auerbach)
Shustin Malov
Sadie Harrison
Alice Spatz
Sarah Haessig
Elena Firsova (Елена Фирсова)
Pozzi Escot (or possibly two composers: Escot and Pozzi)
Margrit Schenker
Ida Becker
Katrina Gordon
George Herbert
Ina Bottelier
Gubaidulina, Sofia
Rebecca Pape
Dmitri Shostakovich
Diana Gannett
Thomas Le Brocq
Ellen Reid
Villanueva, María Cecilia
Alexina Louie/Marjan Mozutich
Constance Cooper
Malov
Mandelstam
Raphaèle Biston
Britta Byström
Jana Skarecky
Frances Hoad, Cheryl
Tina Ternes
Catherine Elliott
Kunieda, Harue
Elisabeth Jacquet de La Guerre
Julia Frances Smith
Florentine Mulsant
Carmen Maria Cârneci
Sarah Kirkland Snider
Margery Dawe with Catherine Elliott
H. Gammius
Mary Weldon Leahy
Florentine Mulsant
Mandelstam
Bekah Simms
Kathleen Jamie
Elaine Agnew
Anna Arkushyna
Elizabeth Maconchy
Alan Spence
Arkushyna, Anna
Pierpont, James; Elliott, Catherine
Silvia de Lucca
Francisca Aquino/Ricardo Vasconcellos
Ellen R. Harrison
Florentine Mulsant
Ann-Helena Schlüter
Esther Aeschlimann-Roth
Carol Barratt with Caroline Emery
Montanari, Thais
Aquino, Francisca/Vasconcellos, Ricardo/ Gonzaga, Chinquinha
Florentine Mulsant
Carmen Maria Cârneci
ZEINER, MARLIESE (*1944)
Elaine Agnew
Diesendruck, Tamar
Brigitte Gauthier
Jacqueline Maire
Daniele Ghisi
Schou / Kaltoft
Florentine Mulsant
Ansink, Caroline
Ina Bottelier
Domingues dos Santos, Rita de Cássia
Beth Wiemann
Meng-Chia Lin
Catherine Elliott
Camille van Lunen
Luise Greger
Cheryl Frances Hoad
Judi Silvano
Kowollik / A. Suslin
Wilhelmine von Bayreuth
Debra Lynn Ginsberg
Various
Ida Carroll
Virginia Samuel
Hope Lee
Anne M. Guzzo
Ann-Helena Schlüter
Fanny Hensel geb. Mendelssohn
Rebecca Pape
Marianna Martines
Florence Whitlock
Rachel Amelia Eubanks
Joanna Stepalska
Christine Burke
Patricia Alessandrini
Katarzyna Brochocka
Claudia Montero
Joanna Stepalska
Herz
Tina Ternes
Thais Rabelo
Pozzi, Escot
Camille van Lunen
Joanna Stepalska
Hayakawa, Kazuko
Monighetti
Uitti Malov
Ann-Helena Schlüter
Rebecca Pape
Jerica Oblak
BH
Pauline Viardot-Garcia
Raimund Schächer
Lea Bertucci
Hölszky, Adriana
Kate Waring
Gemma Peacocke
Thais Rabelo
Jitka Kozeluhová
BH
Emily Dickinson
Sadie Harrison
Carr-Boyd, Ann
Florentine Mulsant
Peg Ahrens
Shelley Washington
Larisa Vrhunc
Arline Diamond
Kramarchuk, Katerina
Juliet Palmer
Elma Miller
Anna di Venezia Bon
Florentine Mulsant
Juliana Hodkinson
Flannery Cunningham
Alyssa Hess
Ernie Burnett
Florentine Mulsant
Amy Beach, Alexander Verster
Florentine Mulsant
Oxana Omelchuk
Margaret Ann Griebling-Haigh
Frangis Ali-Sade
SHOSTAKOVICH
Meng-Chia Lin
BH
Léandre, Joëlle
Margarete Sorg-Rose
Sarah Elise Thompson
Sadie Harrison
Blake
Diana Gannett/J.S. Bach
Jörg Widmann, Toshio Hosokawa, Krzysztof Penderecki, Tan Dun
Michelle Agnes Magalhaes
Neretin Tosenko Stang Ritalchenko, Lukin, Tkachenko, Znamenskii, Malov
Anna di Venezia Bon
Nosikova
Carmen Petra-Basacopol
Sadie Harrison
Fanny Hensel geb. Mendelssohn
Katherine Balch
Ann-Helena Schlüter
ZOBEL, EMELY (1964-1996)
BH
Ilse Fromm-Michaels (after Wolfgang Amadeus Mozart)
Frangis Ali-Sade
Lucca, Silvia de
Josepha (Josephine) Barbara von Aurnhammer
Friedrich / Bauer / Duis
Vassilieva, Pschenitschnikowa, Salmen, Moser, Güttler, Höfling, Bodoky, Monske, Moser, Heinze, Van der Poel, Larrion, Forner, Sevarlic, Suslin
Deon Nielsen Price
Adrienne Elisha
Anderson, Beth
Babette Koblenz
Marta Gentilucci
Fanny Hensel (geb. Mendelssohn)
Green, Diana R.
St John, Kathleen
ZUMSTEEG, EMILIE (1796-1857)
Caroline Wilkins
Mary Rae
Teresa LeVelle
Maja S. K. Ratkje
Nelson, Sheila M.; Elliott, Catherine
W. A. Mozart
Elaine Aberdam
BH
Camille van Lunen
Anne H. Goldberg
Kim Diehnelt
Draugsvoll, Loguin, Trondheim Symphony Orchestra, Gimse
Alina Piechowska-Pascal
Alberdi
Ann-Helena Schlüter
Ursula Görsch
Harue Kunieda
Elizabeth Brown
R. Ismailova
Shrude, Marilyn
Fernanda Aoki Navarro
Wyrick
Kathryn Alexander
Mandelstam
Frangis Ali-Sade
